[ 2019-05-25T00:12:15+08:00 ] 127.0.0.1 /admin_System_base.html
INFO: [ app_init ] --START--
INFO: Run Behavior\BuildLiteBehavior [ RunTime:0.000000s ]
INFO: [ app_init ] --END-- [ RunTime:0.000000s ]
INFO: [ app_begin ] --START--
INFO: Run Behavior\ReadHtmlCacheBehavior [ RunTime:0.001000s ]
INFO: Run Behavior\CheckLangBehavior [ RunTime:0.002000s ]
INFO: [ app_begin ] --END-- [ RunTime:0.003000s ]
INFO: [ action_begin ] --START--
INFO: Run Behavior\CheckAuthBehavior [ RunTime:0.001000s ]
INFO: [ action_begin ] --END-- [ RunTime:0.001000s ]
INFO: [ view_parse ] --START--
INFO: [ template_filter ] --START--
INFO: Run Behavior\ContentReplaceBehavior [ RunTime:0.000000s ]
INFO: [ template_filter ] --END-- [ RunTime:0.000000s ]
INFO: Run Behavior\ParseTemplateBehavior [ RunTime:0.018001s ]
INFO: [ view_parse ] --END-- [ RunTime:0.018001s ]
INFO: [ view_filter ] --START--
INFO: Run Behavior\WriteHtmlCacheBehavior [ RunTime:0.001000s ]
INFO: Run Behavior\TokenBuildBehavior [ RunTime:0.001000s ]
INFO: [ view_filter ] --END-- [ RunTime:0.003000s ]
INFO: [ app_end ] --START--
INFO: Run Behavior\ShowPageTraceBehavior [ RunTime:0.002001s ]
INFO: [ app_end ] --END-- [ RunTime:0.002001s ]

[ 2019-05-25T00:13:05+08:00 ] 127.0.0.1 /admin_Admin_index.html
INFO: [ app_init ] --START--
INFO: Run Behavior\BuildLiteBehavior [ RunTime:0.000000s ]
INFO: [ app_init ] --END-- [ RunTime:0.001000s ]
INFO: [ app_begin ] --START--
INFO: Run Behavior\ReadHtmlCacheBehavior [ RunTime:0.000000s ]
INFO: Run Behavior\CheckLangBehavior [ RunTime:0.002000s ]
INFO: [ app_begin ] --END-- [ RunTime:0.002000s ]
INFO: [ action_begin ] --START--
INFO: Run Behavior\CheckAuthBehavior [ RunTime:0.001000s ]
INFO: [ action_begin ] --END-- [ RunTime:0.001000s ]
INFO: [ view_parse ] --START--
INFO: [ template_filter ] --START--
INFO: Run Behavior\ContentReplaceBehavior [ RunTime:0.000000s ]
INFO: [ template_filter ] --END-- [ RunTime:0.001000s ]
NOTIC: [8] Use of undefined constant id - assumed 'id' F:\QiswlPay\Runtime\Cache\Admin\b682812e058c4f7cab74d08ab9eabe11.php 第 63 行.
NOTIC: [8] Use of undefined constant id - assumed 'id' F:\QiswlPay\Runtime\Cache\Admin\b682812e058c4f7cab74d08ab9eabe11.php 第 65 行.
INFO: Run Behavior\ParseTemplateBehavior [ RunTime:0.014001s ]
INFO: [ view_parse ] --END-- [ RunTime:0.014001s ]
INFO: [ view_filter ] --START--
INFO: Run Behavior\WriteHtmlCacheBehavior [ RunTime:0.001000s ]
INFO: Run Behavior\TokenBuildBehavior [ RunTime:0.001000s ]
INFO: [ view_filter ] --END-- [ RunTime:0.002000s ]
INFO: [ app_end ] --START--
INFO: Run Behavior\ShowPageTraceBehavior [ RunTime:0.001000s ]
INFO: [ app_end ] --END-- [ RunTime:0.001000s ]

[ 2019-05-25T00:13:07+08:00 ] 127.0.0.1 /admin_Auth_index.html
INFO: [ app_init ] --START--
INFO: Run Behavior\BuildLiteBehavior [ RunTime:0.000000s ]
INFO: [ app_init ] --END-- [ RunTime:0.000000s ]
INFO: [ app_begin ] --START--
INFO: Run Behavior\ReadHtmlCacheBehavior [ RunTime:0.001000s ]
INFO: Run Behavior\CheckLangBehavior [ RunTime:0.002000s ]
INFO: [ app_begin ] --END-- [ RunTime:0.003000s ]
INFO: [ action_begin ] --START--
INFO: Run Behavior\CheckAuthBehavior [ RunTime:0.002000s ]
INFO: [ action_begin ] --END-- [ RunTime:0.002000s ]
INFO: [ view_parse ] --START--
INFO: [ template_filter ] --START--
INFO: Run Behavior\ContentReplaceBehavior [ RunTime:0.000000s ]
INFO: [ template_filter ] --END-- [ RunTime:0.000000s ]
NOTIC: [8] Use of undefined constant id - assumed 'id' F:\QiswlPay\Runtime\Cache\Admin\7037a8d5a64fd30b57d5fa54024ea286.php 第 60 行.
NOTIC: [8] Use of undefined constant id - assumed 'id' F:\QiswlPay\Runtime\Cache\Admin\7037a8d5a64fd30b57d5fa54024ea286.php 第 60 行.
NOTIC: [8] Use of undefined constant id - assumed 'id' F:\QiswlPay\Runtime\Cache\Admin\7037a8d5a64fd30b57d5fa54024ea286.php 第 62 行.
NOTIC: [8] Use of undefined constant id - assumed 'id' F:\QiswlPay\Runtime\Cache\Admin\7037a8d5a64fd30b57d5fa54024ea286.php 第 60 行.
NOTIC: [8] Use of undefined constant id - assumed 'id' F:\QiswlPay\Runtime\Cache\Admin\7037a8d5a64fd30b57d5fa54024ea286.php 第 62 行.
NOTIC: [8] Use of undefined constant id - assumed 'id' F:\QiswlPay\Runtime\Cache\Admin\7037a8d5a64fd30b57d5fa54024ea286.php 第 60 行.
NOTIC: [8] Use of undefined constant id - assumed 'id' F:\QiswlPay\Runtime\Cache\Admin\7037a8d5a64fd30b57d5fa54024ea286.php 第 62 行.
NOTIC: [8] Use of undefined constant id - assumed 'id' F:\QiswlPay\Runtime\Cache\Admin\7037a8d5a64fd30b57d5fa54024ea286.php 第 60 行.
NOTIC: [8] Use of undefined constant id - assumed 'id' F:\QiswlPay\Runtime\Cache\Admin\7037a8d5a64fd30b57d5fa54024ea286.php 第 62 行.
INFO: Run Behavior\ParseTemplateBehavior [ RunTime:0.020001s ]
INFO: [ view_parse ] --END-- [ RunTime:0.020001s ]
INFO: [ view_filter ] --START--
INFO: Run Behavior\WriteHtmlCacheBehavior [ RunTime:0.001001s ]
INFO: Run Behavior\TokenBuildBehavior [ RunTime:0.002000s ]
INFO: [ view_filter ] --END-- [ RunTime:0.003001s ]
INFO: [ app_end ] --START--
INFO: Run Behavior\ShowPageTraceBehavior [ RunTime:0.002000s ]
INFO: [ app_end ] --END-- [ RunTime:0.002000s ]

[ 2019-05-25T00:13:09+08:00 ] 127.0.0.1 /admin_Menu_index.html
INFO: [ app_init ] --START--
INFO: Run Behavior\BuildLiteBehavior [ RunTime:0.000000s ]
INFO: [ app_init ] --END-- [ RunTime:0.000000s ]
INFO: [ app_begin ] --START--
INFO: Run Behavior\ReadHtmlCacheBehavior [ RunTime:0.001000s ]
INFO: Run Behavior\CheckLangBehavior [ RunTime:0.002000s ]
INFO: [ app_begin ] --END-- [ RunTime:0.003000s ]
INFO: [ action_begin ] --START--
INFO: Run Behavior\CheckAuthBehavior [ RunTime:0.000000s ]
INFO: [ action_begin ] --END-- [ RunTime:0.000000s ]
NOTIC: [8] Undefined offset: 1 F:\QiswlPay\Application\Admin\Controller\MenuController.class.php 第 26 行.
INFO: [ view_parse ] --START--
INFO: [ template_filter ] --START--
INFO: Run Behavior\ContentReplaceBehavior [ RunTime:0.000000s ]
INFO: [ template_filter ] --END-- [ RunTime:0.000000s ]
NOTIC: [8] Use of undefined constant id - assumed 'id' F:\QiswlPay\Runtime\Cache\Admin\b956215329b6f9aca22277599a4efdfc.php 第 68 行.
NOTIC: [8] Use of undefined constant id - assumed 'id' F:\QiswlPay\Runtime\Cache\Admin\b956215329b6f9aca22277599a4efdfc.php 第 72 行.
NOTIC: [8] Use of undefined constant id - assumed 'id' F:\QiswlPay\Runtime\Cache\Admin\b956215329b6f9aca22277599a4efdfc.php 第 75 行.
NOTIC: [8] Use of undefined constant id - assumed 'id' F:\QiswlPay\Runtime\Cache\Admin\b956215329b6f9aca22277599a4efdfc.php 第 68 行.
NOTIC: [8] Use of undefined constant id - assumed 'id' F:\QiswlPay\Runtime\Cache\Admin\b956215329b6f9aca22277599a4efdfc.php 第 72 行.
NOTIC: [8] Use of undefined constant id - assumed 'id' F:\QiswlPay\Runtime\Cache\Admin\b956215329b6f9aca22277599a4efdfc.php 第 75 行.
NOTIC: [8] Use of undefined constant id - assumed 'id' F:\QiswlPay\Runtime\Cache\Admin\b956215329b6f9aca22277599a4efdfc.php 第 68 行.
NOTIC: [8] Use of undefined constant id - assumed 'id' F:\QiswlPay\Runtime\Cache\Admin\b956215329b6f9aca22277599a4efdfc.php 第 72 行.
NOTIC: [8] Use of undefined constant id - assumed 'id' F:\QiswlPay\Runtime\Cache\Admin\b956215329b6f9aca22277599a4efdfc.php 第 75 行.
NOTIC: [8] Use of undefined constant id - assumed 'id' F:\QiswlPay\Runtime\Cache\Admin\b956215329b6f9aca22277599a4efdfc.php 第 68 行.
NOTIC: [8] Use of undefined constant id - assumed 'id' F:\QiswlPay\Runtime\Cache\Admin\b956215329b6f9aca22277599a4efdfc.php 第 72 行.
NOTIC: [8] Use of undefined constant id - assumed 'id' F:\QiswlPay\Runtime\Cache\Admin\b956215329b6f9aca22277599a4efdfc.php 第 75 行.
NOTIC: [8] Use of undefined constant id - assumed 'id' F:\QiswlPay\Runtime\Cache\Admin\b956215329b6f9aca22277599a4efdfc.php 第 68 行.
NOTIC: [8] Use of undefined constant id - assumed 'id' F:\QiswlPay\Runtime\Cache\Admin\b956215329b6f9aca22277599a4efdfc.php 第 72 行.
NOTIC: [8] Use of undefined constant id - assumed 'id' F:\QiswlPay\Runtime\Cache\Admin\b956215329b6f9aca22277599a4efdfc.php 第 75 行.
NOTIC: [8] Use of undefined constant id - assumed 'id' F:\QiswlPay\Runtime\Cache\Admin\b956215329b6f9aca22277599a4efdfc.php 第 68 行.
NOTIC: [8] Use of undefined constant id - assumed 'id' F:\QiswlPay\Runtime\Cache\Admin\b956215329b6f9aca22277599a4efdfc.php 第 72 行.
NOTIC: [8] Use of undefined constant id - assumed 'id' F:\QiswlPay\Runtime\Cache\Admin\b956215329b6f9aca22277599a4efdfc.php 第 75 行.
NOTIC: [8] Use of undefined constant id - assumed 'id' F:\QiswlPay\Runtime\Cache\Admin\b956215329b6f9aca22277599a4efdfc.php 第 68 行.
NOTIC: [8] Use of undefined constant id - assumed 'id' F:\QiswlPay\Runtime\Cache\Admin\b956215329b6f9aca22277599a4efdfc.php 第 72 行.
NOTIC: [8] Use of undefined constant id - assumed 'id' F:\QiswlPay\Runtime\Cache\Admin\b956215329b6f9aca22277599a4efdfc.php 第 75 行.
NOTIC: [8] Use of undefined constant id - assumed 'id' F:\QiswlPay\Runtime\Cache\Admin\b956215329b6f9aca22277599a4efdfc.php 第 68 行.
NOTIC: [8] Use of undefined constant id - assumed 'id' F:\QiswlPay\Runtime\Cache\Admin\b956215329b6f9aca22277599a4efdfc.php 第 72 行.
NOTIC: [8] Use of undefined constant id - assumed 'id' F:\QiswlPay\Runtime\Cache\Admin\b956215329b6f9aca22277599a4efdfc.php 第 75 行.
NOTIC: [8] Use of undefined constant id - assumed 'id' F:\QiswlPay\Runtime\Cache\Admin\b956215329b6f9aca22277599a4efdfc.php 第 68 行.
NOTIC: [8] Use of undefined constant id - assumed 'id' F:\QiswlPay\Runtime\Cache\Admin\b956215329b6f9aca22277599a4efdfc.php 第 72 行.
NOTIC: [8] Use of undefined constant id - assumed 'id' F:\QiswlPay\Runtime\Cache\Admin\b956215329b6f9aca22277599a4efdfc.php 第 75 行.
NOTIC: [8] Use of undefined constant id - assumed 'id' F:\QiswlPay\Runtime\Cache\Admin\b956215329b6f9aca22277599a4efdfc.php 第 68 行.
NOTIC: [8] Use of undefined constant id - assumed 'id' F:\QiswlPay\Runtime\Cache\Admin\b956215329b6f9aca22277599a4efdfc.php 第 72 行.
NOTIC: [8] Use of undefined constant id - assumed 'id' F:\QiswlPay\Runtime\Cache\Admin\b956215329b6f9aca22277599a4efdfc.php 第 75 行.
NOTIC: [8] Use of undefined constant id - assumed 'id' F:\QiswlPay\Runtime\Cache\Admin\b956215329b6f9aca22277599a4efdfc.php 第 68 行.
NOTIC: [8] Use of undefined constant id - assumed 'id' F:\QiswlPay\Runtime\Cache\Admin\b956215329b6f9aca22277599a4efdfc.php 第 72 行.
NOTIC: [8] Use of undefined constant id - assumed 'id' F:\QiswlPay\Runtime\Cache\Admin\b956215329b6f9aca22277599a4efdfc.php 第 75 行.
NOTIC: [8] Use of undefined constant id - assumed 'id' F:\QiswlPay\Runtime\Cache\Admin\b956215329b6f9aca22277599a4efdfc.php 第 68 行.
NOTIC: [8] Use of undefined constant id - assumed 'id' F:\QiswlPay\Runtime\Cache\Admin\b956215329b6f9aca22277599a4efdfc.php 第 72 行.
NOTIC: [8] Use of undefined constant id - assumed 'id' F:\QiswlPay\Runtime\Cache\Admin\b956215329b6f9aca22277599a4efdfc.php 第 75 行.
NOTIC: [8] Use of undefined constant id - assumed 'id' F:\QiswlPay\Runtime\Cache\Admin\b956215329b6f9aca22277599a4efdfc.php 第 68 行.
NOTIC: [8] Use of undefined constant id - assumed 'id' F:\QiswlPay\Runtime\Cache\Admin\b956215329b6f9aca22277599a4efdfc.php 第 72 行.
NOTIC: [8] Use of undefined constant id - assumed 'id' F:\QiswlPay\Runtime\Cache\Admin\b956215329b6f9aca22277599a4efdfc.php 第 75 行.
NOTIC: [8] Use of undefined constant id - assumed 'id' F:\QiswlPay\Runtime\Cache\Admin\b956215329b6f9aca22277599a4efdfc.php 第 68 行.
NOTIC: [8] Use of undefined constant id - assumed 'id' F:\QiswlPay\Runtime\Cache\Admin\b956215329b6f9aca22277599a4efdfc.php 第 72 行.
NOTIC: [8] Use of undefined constant id - assumed 'id' F:\QiswlPay\Runtime\Cache\Admin\b956215329b6f9aca22277599a4efdfc.php 第 75 行.
NOTIC: [8] Use of undefined constant id - assumed 'id' F:\QiswlPay\Runtime\Cache\Admin\b956215329b6f9aca22277599a4efdfc.php 第 68 行.
NOTIC: [8] Use of undefined constant id - assumed 'id' F:\QiswlPay\Runtime\Cache\Admin\b956215329b6f9aca22277599a4efdfc.php 第 72 行.
NOTIC: [8] Use of undefined constant id - assumed 'id' F:\QiswlPay\Runtime\Cache\Admin\b956215329b6f9aca22277599a4efdfc.php 第 75 行.
NOTIC: [8] Use of undefined constant id - assumed 'id' F:\QiswlPay\Runtime\Cache\Admin\b956215329b6f9aca22277599a4efdfc.php 第 68 行.
NOTIC: [8] Use of undefined constant id - assumed 'id' F:\QiswlPay\Runtime\Cache\Admin\b956215329b6f9aca22277599a4efdfc.php 第 72 行.
NOTIC: [8] Use of undefined constant id - assumed 'id' F:\QiswlPay\Runtime\Cache\Admin\b956215329b6f9aca22277599a4efdfc.php 第 75 行.
NOTIC: [8] Use of undefined constant id - assumed 'id' F:\QiswlPay\Runtime\Cache\Admin\b956215329b6f9aca22277599a4efdfc.php 第 68 行.
NOTIC: [8] Use of undefined constant id - assumed 'id' F:\QiswlPay\Runtime\Cache\Admin\b956215329b6f9aca22277599a4efdfc.php 第 72 行.
NOTIC: [8] Use of undefined constant id - assumed 'id' F:\QiswlPay\Runtime\Cache\Admin\b956215329b6f9aca22277599a4efdfc.php 第 75 行.
NOTIC: [8] Use of undefined constant id - assumed 'id' F:\QiswlPay\Runtime\Cache\Admin\b956215329b6f9aca22277599a4efdfc.php 第 68 行.
NOTIC: [8] Use of undefined constant id - assumed 'id' F:\QiswlPay\Runtime\Cache\Admin\b956215329b6f9aca22277599a4efdfc.php 第 72 行.
NOTIC: [8] Use of undefined constant id - assumed 'id' F:\QiswlPay\Runtime\Cache\Admin\b956215329b6f9aca22277599a4efdfc.php 第 75 行.
NOTIC: [8] Use of undefined constant id - assumed 'id' F:\QiswlPay\Runtime\Cache\Admin\b956215329b6f9aca22277599a4efdfc.php 第 68 行.
NOTIC: [8] Use of undefined constant id - assumed 'id' F:\QiswlPay\Runtime\Cache\Admin\b956215329b6f9aca22277599a4efdfc.php 第 72 行.
NOTIC: [8] Use of undefined constant id - assumed 'id' F:\QiswlPay\Runtime\Cache\Admin\b956215329b6f9aca22277599a4efdfc.php 第 75 行.
NOTIC: [8] Use of undefined constant id - assumed 'id' F:\QiswlPay\Runtime\Cache\Admin\b956215329b6f9aca22277599a4efdfc.php 第 68 行.
NOTIC: [8] Use of undefined constant id - assumed 'id' F:\QiswlPay\Runtime\Cache\Admin\b956215329b6f9aca22277599a4efdfc.php 第 72 行.
NOTIC: [8] Use of undefined constant id - assumed 'id' F:\QiswlPay\Runtime\Cache\Admin\b956215329b6f9aca22277599a4efdfc.php 第 75 行.
NOTIC: [8] Use of undefined constant id - assumed 'id' F:\QiswlPay\Runtime\Cache\Admin\b956215329b6f9aca22277599a4efdfc.php 第 68 行.
NOTIC: [8] Use of undefined constant id - assumed 'id' F:\QiswlPay\Runtime\Cache\Admin\b956215329b6f9aca22277599a4efdfc.php 第 72 行.
NOTIC: [8] Use of undefined constant id - assumed 'id' F:\QiswlPay\Runtime\Cache\Admin\b956215329b6f9aca22277599a4efdfc.php 第 75 行.
NOTIC: [8] Use of undefined constant id - assumed 'id' F:\QiswlPay\Runtime\Cache\Admin\b956215329b6f9aca22277599a4efdfc.php 第 68 行.
NOTIC: [8] Use of undefined constant id - assumed 'id' F:\QiswlPay\Runtime\Cache\Admin\b956215329b6f9aca22277599a4efdfc.php 第 72 行.
NOTIC: [8] Use of undefined constant id - assumed 'id' F:\QiswlPay\Runtime\Cache\Admin\b956215329b6f9aca22277599a4efdfc.php 第 75 行.
NOTIC: [8] Use of undefined constant id - assumed 'id' F:\QiswlPay\Runtime\Cache\Admin\b956215329b6f9aca22277599a4efdfc.php 第 68 行.
NOTIC: [8] Use of undefined constant id - assumed 'id' F:\QiswlPay\Runtime\Cache\Admin\b956215329b6f9aca22277599a4efdfc.php 第 72 行.
NOTIC: [8] Use of undefined constant id - assumed 'id' F:\QiswlPay\Runtime\Cache\Admin\b956215329b6f9aca22277599a4efdfc.php 第 75 行.
NOTIC: [8] Use of undefined constant id - assumed 'id' F:\QiswlPay\Runtime\Cache\Admin\b956215329b6f9aca22277599a4efdfc.php 第 68 行.
NOTIC: [8] Use of undefined constant id - assumed 'id' F:\QiswlPay\Runtime\Cache\Admin\b956215329b6f9aca22277599a4efdfc.php 第 72 行.
NOTIC: [8] Use of undefined constant id - assumed 'id' F:\QiswlPay\Runtime\Cache\Admin\b956215329b6f9aca22277599a4efdfc.php 第 75 行.
NOTIC: [8] Use of undefined constant id - assumed 'id' F:\QiswlPay\Runtime\Cache\Admin\b956215329b6f9aca22277599a4efdfc.php 第 68 行.
NOTIC: [8] Use of undefined constant id - assumed 'id' F:\QiswlPay\Runtime\Cache\Admin\b956215329b6f9aca22277599a4efdfc.php 第 72 行.
NOTIC: [8] Use of undefined constant id - assumed 'id' F:\QiswlPay\Runtime\Cache\Admin\b956215329b6f9aca22277599a4efdfc.php 第 75 行.
NOTIC: [8] Use of undefined constant id - assumed 'id' F:\QiswlPay\Runtime\Cache\Admin\b956215329b6f9aca22277599a4efdfc.php 第 68 行.
NOTIC: [8] Use of undefined constant id - assumed 'id' F:\QiswlPay\Runtime\Cache\Admin\b956215329b6f9aca22277599a4efdfc.php 第 72 行.
NOTIC: [8] Use of undefined constant id - assumed 'id' F:\QiswlPay\Runtime\Cache\Admin\b956215329b6f9aca22277599a4efdfc.php 第 75 行.
NOTIC: [8] Use of undefined constant id - assumed 'id' F:\QiswlPay\Runtime\Cache\Admin\b956215329b6f9aca22277599a4efdfc.php 第 68 行.
NOTIC: [8] Use of undefined constant id - assumed 'id' F:\QiswlPay\Runtime\Cache\Admin\b956215329b6f9aca22277599a4efdfc.php 第 72 行.
NOTIC: [8] Use of undefined constant id - assumed 'id' F:\QiswlPay\Runtime\Cache\Admin\b956215329b6f9aca22277599a4efdfc.php 第 75 行.
NOTIC: [8] Use of undefined constant id - assumed 'id' F:\QiswlPay\Runtime\Cache\Admin\b956215329b6f9aca22277599a4efdfc.php 第 68 行.
NOTIC: [8] Use of undefined constant id - assumed 'id' F:\QiswlPay\Runtime\Cache\Admin\b956215329b6f9aca22277599a4efdfc.php 第 72 行.
NOTIC: [8] Use of undefined constant id - assumed 'id' F:\QiswlPay\Runtime\Cache\Admin\b956215329b6f9aca22277599a4efdfc.php 第 75 行.
NOTIC: [8] Use of undefined constant id - assumed 'id' F:\QiswlPay\Runtime\Cache\Admin\b956215329b6f9aca22277599a4efdfc.php 第 68 行.
NOTIC: [8] Use of undefined constant id - assumed 'id' F:\QiswlPay\Runtime\Cache\Admin\b956215329b6f9aca22277599a4efdfc.php 第 72 行.
NOTIC: [8] Use of undefined constant id - assumed 'id' F:\QiswlPay\Runtime\Cache\Admin\b956215329b6f9aca22277599a4efdfc.php 第 75 行.
NOTIC: [8] Use of undefined constant id - assumed 'id' F:\QiswlPay\Runtime\Cache\Admin\b956215329b6f9aca22277599a4efdfc.php 第 68 行.
NOTIC: [8] Use of undefined constant id - assumed 'id' F:\QiswlPay\Runtime\Cache\Admin\b956215329b6f9aca22277599a4efdfc.php 第 72 行.
NOTIC: [8] Use of undefined constant id - assumed 'id' F:\QiswlPay\Runtime\Cache\Admin\b956215329b6f9aca22277599a4efdfc.php 第 75 行.
NOTIC: [8] Use of undefined constant id - assumed 'id' F:\QiswlPay\Runtime\Cache\Admin\b956215329b6f9aca22277599a4efdfc.php 第 68 行.
NOTIC: [8] Use of undefined constant id - assumed 'id' F:\QiswlPay\Runtime\Cache\Admin\b956215329b6f9aca22277599a4efdfc.php 第 72 行.
NOTIC: [8] Use of undefined constant id - assumed 'id' F:\QiswlPay\Runtime\Cache\Admin\b956215329b6f9aca22277599a4efdfc.php 第 75 行.
NOTIC: [8] Use of undefined constant id - assumed 'id' F:\QiswlPay\Runtime\Cache\Admin\b956215329b6f9aca22277599a4efdfc.php 第 68 行.
NOTIC: [8] Use of undefined constant id - assumed 'id' F:\QiswlPay\Runtime\Cache\Admin\b956215329b6f9aca22277599a4efdfc.php 第 72 行.
NOTIC: [8] Use of undefined constant id - assumed 'id' F:\QiswlPay\Runtime\Cache\Admin\b956215329b6f9aca22277599a4efdfc.php 第 75 行.
NOTIC: [8] Use of undefined constant id - assumed 'id' F:\QiswlPay\Runtime\Cache\Admin\b956215329b6f9aca22277599a4efdfc.php 第 68 行.
NOTIC: [8] Use of undefined constant id - assumed 'id' F:\QiswlPay\Runtime\Cache\Admin\b956215329b6f9aca22277599a4efdfc.php 第 72 行.
NOTIC: [8] Use of undefined constant id - assumed 'id' F:\QiswlPay\Runtime\Cache\Admin\b956215329b6f9aca22277599a4efdfc.php 第 75 行.
NOTIC: [8] Use of undefined constant id - assumed 'id' F:\QiswlPay\Runtime\Cache\Admin\b956215329b6f9aca22277599a4efdfc.php 第 68 行.
NOTIC: [8] Use of undefined constant id - assumed 'id' F:\QiswlPay\Runtime\Cache\Admin\b956215329b6f9aca22277599a4efdfc.php 第 72 行.
NOTIC: [8] Use of undefined constant id - assumed 'id' F:\QiswlPay\Runtime\Cache\Admin\b956215329b6f9aca22277599a4efdfc.php 第 75 行.
NOTIC: [8] Use of undefined constant id - assumed 'id' F:\QiswlPay\Runtime\Cache\Admin\b956215329b6f9aca22277599a4efdfc.php 第 68 行.
NOTIC: [8] Use of undefined constant id - assumed 'id' F:\QiswlPay\Runtime\Cache\Admin\b956215329b6f9aca22277599a4efdfc.php 第 72 行.
NOTIC: [8] Use of undefined constant id - assumed 'id' F:\QiswlPay\Runtime\Cache\Admin\b956215329b6f9aca22277599a4efdfc.php 第 75 行.
NOTIC: [8] Use of undefined constant id - assumed 'id' F:\QiswlPay\Runtime\Cache\Admin\b956215329b6f9aca22277599a4efdfc.php 第 68 行.
NOTIC: [8] Use of undefined constant id - assumed 'id' F:\QiswlPay\Runtime\Cache\Admin\b956215329b6f9aca22277599a4efdfc.php 第 72 行.
NOTIC: [8] Use of undefined constant id - assumed 'id' F:\QiswlPay\Runtime\Cache\Admin\b956215329b6f9aca22277599a4efdfc.php 第 75 行.
NOTIC: [8] Use of undefined constant id - assumed 'id' F:\QiswlPay\Runtime\Cache\Admin\b956215329b6f9aca22277599a4efdfc.php 第 68 行.
NOTIC: [8] Use of undefined constant id - assumed 'id' F:\QiswlPay\Runtime\Cache\Admin\b956215329b6f9aca22277599a4efdfc.php 第 72 行.
NOTIC: [8] Use of undefined constant id - assumed 'id' F:\QiswlPay\Runtime\Cache\Admin\b956215329b6f9aca22277599a4efdfc.php 第 75 行.
NOTIC: [8] Use of undefined constant id - assumed 'id' F:\QiswlPay\Runtime\Cache\Admin\b956215329b6f9aca22277599a4efdfc.php 第 68 行.
NOTIC: [8] Use of undefined constant id - assumed 'id' F:\QiswlPay\Runtime\Cache\Admin\b956215329b6f9aca22277599a4efdfc.php 第 72 行.
NOTIC: [8] Use of undefined constant id - assumed 'id' F:\QiswlPay\Runtime\Cache\Admin\b956215329b6f9aca22277599a4efdfc.php 第 75 行.
NOTIC: [8] Use of undefined constant id - assumed 'id' F:\QiswlPay\Runtime\Cache\Admin\b956215329b6f9aca22277599a4efdfc.php 第 68 行.
NOTIC: [8] Use of undefined constant id - assumed 'id' F:\QiswlPay\Runtime\Cache\Admin\b956215329b6f9aca22277599a4efdfc.php 第 72 行.
NOTIC: [8] Use of undefined constant id - assumed 'id' F:\QiswlPay\Runtime\Cache\Admin\b956215329b6f9aca22277599a4efdfc.php 第 75 行.
NOTIC: [8] Use of undefined constant id - assumed 'id' F:\QiswlPay\Runtime\Cache\Admin\b956215329b6f9aca22277599a4efdfc.php 第 68 行.
NOTIC: [8] Use of undefined constant id - assumed 'id' F:\QiswlPay\Runtime\Cache\Admin\b956215329b6f9aca22277599a4efdfc.php 第 72 行.
NOTIC: [8] Use of undefined constant id - assumed 'id' F:\QiswlPay\Runtime\Cache\Admin\b956215329b6f9aca22277599a4efdfc.php 第 75 行.
NOTIC: [8] Use of undefined constant id - assumed 'id' F:\QiswlPay\Runtime\Cache\Admin\b956215329b6f9aca22277599a4efdfc.php 第 68 行.
NOTIC: [8] Use of undefined constant id - assumed 'id' F:\QiswlPay\Runtime\Cache\Admin\b956215329b6f9aca22277599a4efdfc.php 第 72 行.
NOTIC: [8] Use of undefined constant id - assumed 'id' F:\QiswlPay\Runtime\Cache\Admin\b956215329b6f9aca22277599a4efdfc.php 第 75 行.
NOTIC: [8] Use of undefined constant id - assumed 'id' F:\QiswlPay\Runtime\Cache\Admin\b956215329b6f9aca22277599a4efdfc.php 第 68 行.
NOTIC: [8] Use of undefined constant id - assumed 'id' F:\QiswlPay\Runtime\Cache\Admin\b956215329b6f9aca22277599a4efdfc.php 第 72 行.
NOTIC: [8] Use of undefined constant id - assumed 'id' F:\QiswlPay\Runtime\Cache\Admin\b956215329b6f9aca22277599a4efdfc.php 第 75 行.
NOTIC: [8] Use of undefined constant id - assumed 'id' F:\QiswlPay\Runtime\Cache\Admin\b956215329b6f9aca22277599a4efdfc.php 第 68 行.
NOTIC: [8] Use of undefined constant id - assumed 'id' F:\QiswlPay\Runtime\Cache\Admin\b956215329b6f9aca22277599a4efdfc.php 第 72 行.
NOTIC: [8] Use of undefined constant id - assumed 'id' F:\QiswlPay\Runtime\Cache\Admin\b956215329b6f9aca22277599a4efdfc.php 第 75 行.
NOTIC: [8] Use of undefined constant id - assumed 'id' F:\QiswlPay\Runtime\Cache\Admin\b956215329b6f9aca22277599a4efdfc.php 第 68 行.
NOTIC: [8] Use of undefined constant id - assumed 'id' F:\QiswlPay\Runtime\Cache\Admin\b956215329b6f9aca22277599a4efdfc.php 第 72 行.
NOTIC: [8] Use of undefined constant id - assumed 'id' F:\QiswlPay\Runtime\Cache\Admin\b956215329b6f9aca22277599a4efdfc.php 第 75 行.
NOTIC: [8] Use of undefined constant id - assumed 'id' F:\QiswlPay\Runtime\Cache\Admin\b956215329b6f9aca22277599a4efdfc.php 第 68 行.
NOTIC: [8] Use of undefined constant id - assumed 'id' F:\QiswlPay\Runtime\Cache\Admin\b956215329b6f9aca22277599a4efdfc.php 第 72 行.
NOTIC: [8] Use of undefined constant id - assumed 'id' F:\QiswlPay\Runtime\Cache\Admin\b956215329b6f9aca22277599a4efdfc.php 第 75 行.
NOTIC: [8] Use of undefined constant id - assumed 'id' F:\QiswlPay\Runtime\Cache\Admin\b956215329b6f9aca22277599a4efdfc.php 第 68 行.
NOTIC: [8] Use of undefined constant id - assumed 'id' F:\QiswlPay\Runtime\Cache\Admin\b956215329b6f9aca22277599a4efdfc.php 第 72 行.
NOTIC: [8] Use of undefined constant id - assumed 'id' F:\QiswlPay\Runtime\Cache\Admin\b956215329b6f9aca22277599a4efdfc.php 第 75 行.
NOTIC: [8] Use of undefined constant id - assumed 'id' F:\QiswlPay\Runtime\Cache\Admin\b956215329b6f9aca22277599a4efdfc.php 第 68 行.
NOTIC: [8] Use of undefined constant id - assumed 'id' F:\QiswlPay\Runtime\Cache\Admin\b956215329b6f9aca22277599a4efdfc.php 第 72 行.
NOTIC: [8] Use of undefined constant id - assumed 'id' F:\QiswlPay\Runtime\Cache\Admin\b956215329b6f9aca22277599a4efdfc.php 第 75 行.
NOTIC: [8] Use of undefined constant id - assumed 'id' F:\QiswlPay\Runtime\Cache\Admin\b956215329b6f9aca22277599a4efdfc.php 第 68 行.
NOTIC: [8] Use of undefined constant id - assumed 'id' F:\QiswlPay\Runtime\Cache\Admin\b956215329b6f9aca22277599a4efdfc.php 第 72 行.
NOTIC: [8] Use of undefined constant id - assumed 'id' F:\QiswlPay\Runtime\Cache\Admin\b956215329b6f9aca22277599a4efdfc.php 第 75 行.
NOTIC: [8] Use of undefined constant id - assumed 'id' F:\QiswlPay\Runtime\Cache\Admin\b956215329b6f9aca22277599a4efdfc.php 第 68 行.
NOTIC: [8] Use of undefined constant id - assumed 'id' F:\QiswlPay\Runtime\Cache\Admin\b956215329b6f9aca22277599a4efdfc.php 第 72 行.
NOTIC: [8] Use of undefined constant id - assumed 'id' F:\QiswlPay\Runtime\Cache\Admin\b956215329b6f9aca22277599a4efdfc.php 第 75 行.
NOTIC: [8] Use of undefined constant id - assumed 'id' F:\QiswlPay\Runtime\Cache\Admin\b956215329b6f9aca22277599a4efdfc.php 第 68 行.
NOTIC: [8] Use of undefined constant id - assumed 'id' F:\QiswlPay\Runtime\Cache\Admin\b956215329b6f9aca22277599a4efdfc.php 第 72 行.
NOTIC: [8] Use of undefined constant id - assumed 'id' F:\QiswlPay\Runtime\Cache\Admin\b956215329b6f9aca22277599a4efdfc.php 第 75 行.
NOTIC: [8] Use of undefined constant id - assumed 'id' F:\QiswlPay\Runtime\Cache\Admin\b956215329b6f9aca22277599a4efdfc.php 第 68 行.
NOTIC: [8] Use of undefined constant id - assumed 'id' F:\QiswlPay\Runtime\Cache\Admin\b956215329b6f9aca22277599a4efdfc.php 第 72 行.
NOTIC: [8] Use of undefined constant id - assumed 'id' F:\QiswlPay\Runtime\Cache\Admin\b956215329b6f9aca22277599a4efdfc.php 第 75 行.
NOTIC: [8] Use of undefined constant id - assumed 'id' F:\QiswlPay\Runtime\Cache\Admin\b956215329b6f9aca22277599a4efdfc.php 第 68 行.
NOTIC: [8] Use of undefined constant id - assumed 'id' F:\QiswlPay\Runtime\Cache\Admin\b956215329b6f9aca22277599a4efdfc.php 第 72 行.
NOTIC: [8] Use of undefined constant id - assumed 'id' F:\QiswlPay\Runtime\Cache\Admin\b956215329b6f9aca22277599a4efdfc.php 第 75 行.
NOTIC: [8] Use of undefined constant id - assumed 'id' F:\QiswlPay\Runtime\Cache\Admin\b956215329b6f9aca22277599a4efdfc.php 第 68 行.
NOTIC: [8] Use of undefined constant id - assumed 'id' F:\QiswlPay\Runtime\Cache\Admin\b956215329b6f9aca22277599a4efdfc.php 第 72 行.
NOTIC: [8] Use of undefined constant id - assumed 'id' F:\QiswlPay\Runtime\Cache\Admin\b956215329b6f9aca22277599a4efdfc.php 第 75 行.
NOTIC: [8] Use of undefined constant id - assumed 'id' F:\QiswlPay\Runtime\Cache\Admin\b956215329b6f9aca22277599a4efdfc.php 第 68 行.
NOTIC: [8] Use of undefined constant id - assumed 'id' F:\QiswlPay\Runtime\Cache\Admin\b956215329b6f9aca22277599a4efdfc.php 第 72 行.
NOTIC: [8] Use of undefined constant id - assumed 'id' F:\QiswlPay\Runtime\Cache\Admin\b956215329b6f9aca22277599a4efdfc.php 第 75 行.
NOTIC: [8] Use of undefined constant id - assumed 'id' F:\QiswlPay\Runtime\Cache\Admin\b956215329b6f9aca22277599a4efdfc.php 第 68 行.
NOTIC: [8] Use of undefined constant id - assumed 'id' F:\QiswlPay\Runtime\Cache\Admin\b956215329b6f9aca22277599a4efdfc.php 第 72 行.
NOTIC: [8] Use of undefined constant id - assumed 'id' F:\QiswlPay\Runtime\Cache\Admin\b956215329b6f9aca22277599a4efdfc.php 第 75 行.
NOTIC: [8] Use of undefined constant id - assumed 'id' F:\QiswlPay\Runtime\Cache\Admin\b956215329b6f9aca22277599a4efdfc.php 第 68 行.
NOTIC: [8] Use of undefined constant id - assumed 'id' F:\QiswlPay\Runtime\Cache\Admin\b956215329b6f9aca22277599a4efdfc.php 第 72 行.
NOTIC: [8] Use of undefined constant id - assumed 'id' F:\QiswlPay\Runtime\Cache\Admin\b956215329b6f9aca22277599a4efdfc.php 第 75 行.
NOTIC: [8] Use of undefined constant id - assumed 'id' F:\QiswlPay\Runtime\Cache\Admin\b956215329b6f9aca22277599a4efdfc.php 第 68 行.
NOTIC: [8] Use of undefined constant id - assumed 'id' F:\QiswlPay\Runtime\Cache\Admin\b956215329b6f9aca22277599a4efdfc.php 第 72 行.
NOTIC: [8] Use of undefined constant id - assumed 'id' F:\QiswlPay\Runtime\Cache\Admin\b956215329b6f9aca22277599a4efdfc.php 第 75 行.
NOTIC: [8] Use of undefined constant id - assumed 'id' F:\QiswlPay\Runtime\Cache\Admin\b956215329b6f9aca22277599a4efdfc.php 第 68 行.
NOTIC: [8] Use of undefined constant id - assumed 'id' F:\QiswlPay\Runtime\Cache\Admin\b956215329b6f9aca22277599a4efdfc.php 第 72 行.
NOTIC: [8] Use of undefined constant id - assumed 'id' F:\QiswlPay\Runtime\Cache\Admin\b956215329b6f9aca22277599a4efdfc.php 第 75 行.
NOTIC: [8] Undefined variable: page F:\QiswlPay\Runtime\Cache\Admin\b956215329b6f9aca22277599a4efdfc.php 第 82 行.
INFO: Run Behavior\ParseTemplateBehavior [ RunTime:0.062004s ]
INFO: [ view_parse ] --END-- [ RunTime:0.063004s ]
INFO: [ view_filter ] --START--
INFO: Run Behavior\WriteHtmlCacheBehavior [ RunTime:0.001000s ]
INFO: Run Behavior\TokenBuildBehavior [ RunTime:0.004000s ]
INFO: [ view_filter ] --END-- [ RunTime:0.005000s ]
INFO: [ app_end ] --START--
INFO: Run Behavior\ShowPageTraceBehavior [ RunTime:0.002000s ]
INFO: [ app_end ] --END-- [ RunTime:0.002000s ]

[ 2019-05-25T00:25:12+08:00 ] 127.0.0.1 /admin_Channel_saveQiswlSeparate.html
INFO: [ app_init ] --START--
INFO: Run Behavior\BuildLiteBehavior [ RunTime:0.000000s ]
INFO: [ app_init ] --END-- [ RunTime:0.000000s ]
INFO: [ app_begin ] --START--
INFO: Run Behavior\ReadHtmlCacheBehavior [ RunTime:0.001000s ]
INFO: Run Behavior\CheckLangBehavior [ RunTime:0.002000s ]
INFO: [ app_begin ] --END-- [ RunTime:0.003000s ]
INFO: [ action_begin ] --START--
INFO: Run Behavior\CheckAuthBehavior [ RunTime:0.000000s ]
INFO: [ action_begin ] --END-- [ RunTime:0.000000s ]
ERR: 文件编码：[UTF-8] 与表单提交编码：[GBK]两者不一致!

[ 2019-05-25T00:25:50+08:00 ] 127.0.0.1 /admin_Channel_saveQiswlSeparate.html
INFO: [ app_init ] --START--
INFO: Run Behavior\BuildLiteBehavior [ RunTime:0.000000s ]
INFO: [ app_init ] --END-- [ RunTime:0.000000s ]
INFO: [ app_begin ] --START--
INFO: Run Behavior\ReadHtmlCacheBehavior [ RunTime:0.000000s ]
INFO: Run Behavior\CheckLangBehavior [ RunTime:0.002001s ]
INFO: [ app_begin ] --END-- [ RunTime:0.003001s ]
INFO: [ action_begin ] --START--
INFO: Run Behavior\CheckAuthBehavior [ RunTime:0.001000s ]
INFO: [ action_begin ] --END-- [ RunTime:0.001000s ]
NOTIC: [2] openssl_sign(): supplied key param cannot be coerced into a private key F:\QiswlPay\core\Library\Vendor\Alipay\aop\AopClient.php 第 133 行.
NOTIC: [8] Undefined property: stdClass::$sign F:\QiswlPay\core\Library\Vendor\Alipay\aop\AopClient.php 第 921 行.

[ 2019-05-25T13:02:40+08:00 ] 127.0.0.1 /admin_System_email.html
INFO: [ app_init ] --START--
INFO: Run Behavior\BuildLiteBehavior [ RunTime:0.000000s ]
INFO: [ app_init ] --END-- [ RunTime:0.000000s ]
INFO: [ app_begin ] --START--
INFO: Run Behavior\ReadHtmlCacheBehavior [ RunTime:0.001000s ]
INFO: Run Behavior\CheckLangBehavior [ RunTime:0.001000s ]
INFO: [ app_begin ] --END-- [ RunTime:0.002000s ]
INFO: [ action_begin ] --START--
INFO: Run Behavior\CheckAuthBehavior [ RunTime:0.001000s ]
INFO: [ action_begin ] --END-- [ RunTime:0.001000s ]

[ 2019-05-25T13:02:41+08:00 ] 127.0.0.1 /admin_Login_index.html
INFO: [ app_init ] --START--
INFO: Run Behavior\BuildLiteBehavior [ RunTime:0.000000s ]
INFO: [ app_init ] --END-- [ RunTime:0.000000s ]
INFO: [ app_begin ] --START--
INFO: Run Behavior\ReadHtmlCacheBehavior [ RunTime:0.001000s ]
INFO: Run Behavior\CheckLangBehavior [ RunTime:0.001000s ]
INFO: [ app_begin ] --END-- [ RunTime:0.002000s ]
INFO: [ action_begin ] --START--
INFO: Run Behavior\CheckAuthBehavior [ RunTime:0.001000s ]
INFO: [ action_begin ] --END-- [ RunTime:0.001000s ]
INFO: [ view_parse ] --START--
INFO: [ template_filter ] --START--
INFO: Run Behavior\ContentReplaceBehavior [ RunTime:0.000000s ]
INFO: [ template_filter ] --END-- [ RunTime:0.000000s ]
INFO: Run Behavior\ParseTemplateBehavior [ RunTime:0.011000s ]
INFO: [ view_parse ] --END-- [ RunTime:0.011000s ]
INFO: [ view_filter ] --START--
INFO: Run Behavior\WriteHtmlCacheBehavior [ RunTime:0.000000s ]
INFO: Run Behavior\TokenBuildBehavior [ RunTime:0.001001s ]
INFO: [ view_filter ] --END-- [ RunTime:0.001001s ]
INFO: [ app_end ] --START--
INFO: Run Behavior\ShowPageTraceBehavior [ RunTime:0.353020s ]
INFO: [ app_end ] --END-- [ RunTime:0.353020s ]

[ 2019-05-25T13:02:41+08:00 ] 127.0.0.1 /admin_Login_verifycode.html
INFO: [ app_init ] --START--
INFO: Run Behavior\BuildLiteBehavior [ RunTime:0.000000s ]
INFO: [ app_init ] --END-- [ RunTime:0.000000s ]
INFO: [ app_begin ] --START--
INFO: Run Behavior\ReadHtmlCacheBehavior [ RunTime:0.000000s ]
INFO: Run Behavior\CheckLangBehavior [ RunTime:0.002001s ]
INFO: [ app_begin ] --END-- [ RunTime:0.002001s ]
INFO: [ action_begin ] --START--
INFO: Run Behavior\CheckAuthBehavior [ RunTime:0.001000s ]
INFO: [ action_begin ] --END-- [ RunTime:0.001000s ]
INFO: [ app_end ] --START--
INFO: Run Behavior\ShowPageTraceBehavior [ RunTime:0.001000s ]
INFO: [ app_end ] --END-- [ RunTime:0.001000s ]

[ 2019-05-25T13:02:41+08:00 ] 127.0.0.1 /admin_Login_index.html
INFO: [ app_init ] --START--
INFO: Run Behavior\BuildLiteBehavior [ RunTime:0.000000s ]
INFO: [ app_init ] --END-- [ RunTime:0.000000s ]
INFO: [ app_begin ] --START--
INFO: Run Behavior\ReadHtmlCacheBehavior [ RunTime:0.001000s ]
INFO: Run Behavior\CheckLangBehavior [ RunTime:0.002000s ]
INFO: [ app_begin ] --END-- [ RunTime:0.003000s ]
INFO: [ action_begin ] --START--
INFO: Run Behavior\CheckAuthBehavior [ RunTime:0.001000s ]
INFO: [ action_begin ] --END-- [ RunTime:0.001000s ]
INFO: [ view_parse ] --START--
INFO: [ template_filter ] --START--
INFO: Run Behavior\ContentReplaceBehavior [ RunTime:0.000000s ]
INFO: [ template_filter ] --END-- [ RunTime:0.000000s ]
INFO: Run Behavior\ParseTemplateBehavior [ RunTime:0.023002s ]
INFO: [ view_parse ] --END-- [ RunTime:0.023002s ]
INFO: [ view_filter ] --START--
INFO: Run Behavior\WriteHtmlCacheBehavior [ RunTime:0.000000s ]
INFO: Run Behavior\TokenBuildBehavior [ RunTime:0.002000s ]
INFO: [ view_filter ] --END-- [ RunTime:0.003000s ]
INFO: [ app_end ] --START--
INFO: Run Behavior\ShowPageTraceBehavior [ RunTime:0.001000s ]
INFO: [ app_end ] --END-- [ RunTime:0.001000s ]

[ 2019-05-25T13:02:41+08:00 ] 127.0.0.1 /admin_System_smssz.html
INFO: [ app_init ] --START--
INFO: Run Behavior\BuildLiteBehavior [ RunTime:0.000000s ]
INFO: [ app_init ] --END-- [ RunTime:0.000000s ]
INFO: [ app_begin ] --START--
INFO: Run Behavior\ReadHtmlCacheBehavior [ RunTime:0.001000s ]
INFO: Run Behavior\CheckLangBehavior [ RunTime:0.001000s ]
INFO: [ app_begin ] --END-- [ RunTime:0.002000s ]
INFO: [ action_begin ] --START--
INFO: Run Behavior\CheckAuthBehavior [ RunTime:0.001000s ]
INFO: [ action_begin ] --END-- [ RunTime:0.001000s ]

[ 2019-05-25T13:02:41+08:00 ] 127.0.0.1 /admin_Login_verifycode.html
INFO: [ app_init ] --START--
INFO: Run Behavior\BuildLiteBehavior [ RunTime:0.000000s ]
INFO: [ app_init ] --END-- [ RunTime:0.001001s ]
INFO: [ app_begin ] --START--
INFO: Run Behavior\ReadHtmlCacheBehavior [ RunTime:0.001000s ]
INFO: Run Behavior\CheckLangBehavior [ RunTime:0.001001s ]
INFO: [ app_begin ] --END-- [ RunTime:0.003001s ]
INFO: [ action_begin ] --START--
INFO: Run Behavior\CheckAuthBehavior [ RunTime:0.002000s ]
INFO: [ action_begin ] --END-- [ RunTime:0.003000s ]
INFO: [ app_end ] --START--
INFO: Run Behavior\ShowPageTraceBehavior [ RunTime:0.001000s ]
INFO: [ app_end ] --END-- [ RunTime:0.001000s ]

[ 2019-05-25T13:02:56+08:00 ] 127.0.0.1 /admin_Login_checkLogin.html
INFO: [ app_init ] --START--
INFO: Run Behavior\BuildLiteBehavior [ RunTime:0.000000s ]
INFO: [ app_init ] --END-- [ RunTime:0.000000s ]
INFO: [ app_begin ] --START--
INFO: Run Behavior\ReadHtmlCacheBehavior [ RunTime:0.000000s ]
INFO: Run Behavior\CheckLangBehavior [ RunTime:0.001000s ]
INFO: [ app_begin ] --END-- [ RunTime:0.001000s ]
INFO: [ action_begin ] --START--
INFO: Run Behavior\CheckAuthBehavior [ RunTime:0.000000s ]
INFO: [ action_begin ] --END-- [ RunTime:0.000000s ]
NOTIC: [8] Undefined offset: 1 F:\QiswlPay\Application\Admin\Controller\LoginController.class.php 第 123 行.
NOTIC: [8] Undefined offset: 2 F:\QiswlPay\Application\Admin\Controller\LoginController.class.php 第 123 行.

[ 2019-05-25T13:02:57+08:00 ] 127.0.0.1 /admin_Index_index.html
INFO: [ app_init ] --START--
INFO: Run Behavior\BuildLiteBehavior [ RunTime:0.000000s ]
INFO: [ app_init ] --END-- [ RunTime:0.000000s ]
INFO: [ app_begin ] --START--
INFO: Run Behavior\ReadHtmlCacheBehavior [ RunTime:0.001000s ]
INFO: Run Behavior\CheckLangBehavior [ RunTime:0.000000s ]
INFO: [ app_begin ] --END-- [ RunTime:0.001000s ]
INFO: [ action_begin ] --START--
INFO: Run Behavior\CheckAuthBehavior [ RunTime:0.000000s ]
INFO: [ action_begin ] --END-- [ RunTime:0.000000s ]
INFO: [ view_parse ] --START--
INFO: [ template_filter ] --START--
INFO: Run Behavior\ContentReplaceBehavior [ RunTime:0.000000s ]
INFO: [ template_filter ] --END-- [ RunTime:0.000000s ]
NOTIC: [8] Use of undefined constant menu_name - assumed 'menu_name' F:\QiswlPay\Runtime\Cache\Admin\b595b808c2ebeeeb0478ffc30bb4e87a.php 第 99 行.
NOTIC: [8] Use of undefined constant menu_name - assumed 'menu_name' F:\QiswlPay\Runtime\Cache\Admin\b595b808c2ebeeeb0478ffc30bb4e87a.php 第 99 行.
NOTIC: [8] Use of undefined constant menu_name - assumed 'menu_name' F:\QiswlPay\Runtime\Cache\Admin\b595b808c2ebeeeb0478ffc30bb4e87a.php 第 99 行.
NOTIC: [8] Use of undefined constant menu_name - assumed 'menu_name' F:\QiswlPay\Runtime\Cache\Admin\b595b808c2ebeeeb0478ffc30bb4e87a.php 第 99 行.
NOTIC: [8] Use of undefined constant menu_name - assumed 'menu_name' F:\QiswlPay\Runtime\Cache\Admin\b595b808c2ebeeeb0478ffc30bb4e87a.php 第 99 行.
NOTIC: [8] Use of undefined constant menu_name - assumed 'menu_name' F:\QiswlPay\Runtime\Cache\Admin\b595b808c2ebeeeb0478ffc30bb4e87a.php 第 99 行.
NOTIC: [8] Use of undefined constant menu_name - assumed 'menu_name' F:\QiswlPay\Runtime\Cache\Admin\b595b808c2ebeeeb0478ffc30bb4e87a.php 第 99 行.
NOTIC: [8] Use of undefined constant menu_name - assumed 'menu_name' F:\QiswlPay\Runtime\Cache\Admin\b595b808c2ebeeeb0478ffc30bb4e87a.php 第 99 行.
NOTIC: [8] Use of undefined constant menu_name - assumed 'menu_name' F:\QiswlPay\Runtime\Cache\Admin\b595b808c2ebeeeb0478ffc30bb4e87a.php 第 99 行.
NOTIC: [8] Use of undefined constant menu_name - assumed 'menu_name' F:\QiswlPay\Runtime\Cache\Admin\b595b808c2ebeeeb0478ffc30bb4e87a.php 第 99 行.
NOTIC: [8] Use of undefined constant menu_name - assumed 'menu_name' F:\QiswlPay\Runtime\Cache\Admin\b595b808c2ebeeeb0478ffc30bb4e87a.php 第 99 行.
NOTIC: [8] Use of undefined constant menu_name - assumed 'menu_name' F:\QiswlPay\Runtime\Cache\Admin\b595b808c2ebeeeb0478ffc30bb4e87a.php 第 99 行.
NOTIC: [8] Use of undefined constant menu_name - assumed 'menu_name' F:\QiswlPay\Runtime\Cache\Admin\b595b808c2ebeeeb0478ffc30bb4e87a.php 第 99 行.
NOTIC: [8] Use of undefined constant menu_name - assumed 'menu_name' F:\QiswlPay\Runtime\Cache\Admin\b595b808c2ebeeeb0478ffc30bb4e87a.php 第 99 行.
NOTIC: [8] Use of undefined constant menu_name - assumed 'menu_name' F:\QiswlPay\Runtime\Cache\Admin\b595b808c2ebeeeb0478ffc30bb4e87a.php 第 99 行.
NOTIC: [8] Use of undefined constant menu_name - assumed 'menu_name' F:\QiswlPay\Runtime\Cache\Admin\b595b808c2ebeeeb0478ffc30bb4e87a.php 第 99 行.
NOTIC: [8] Use of undefined constant menu_name - assumed 'menu_name' F:\QiswlPay\Runtime\Cache\Admin\b595b808c2ebeeeb0478ffc30bb4e87a.php 第 99 行.
NOTIC: [8] Use of undefined constant menu_name - assumed 'menu_name' F:\QiswlPay\Runtime\Cache\Admin\b595b808c2ebeeeb0478ffc30bb4e87a.php 第 99 行.
NOTIC: [8] Use of undefined constant menu_name - assumed 'menu_name' F:\QiswlPay\Runtime\Cache\Admin\b595b808c2ebeeeb0478ffc30bb4e87a.php 第 99 行.
NOTIC: [8] Use of undefined constant menu_name - assumed 'menu_name' F:\QiswlPay\Runtime\Cache\Admin\b595b808c2ebeeeb0478ffc30bb4e87a.php 第 99 行.
NOTIC: [8] Use of undefined constant menu_name - assumed 'menu_name' F:\QiswlPay\Runtime\Cache\Admin\b595b808c2ebeeeb0478ffc30bb4e87a.php 第 99 行.
NOTIC: [8] Use of undefined constant menu_name - assumed 'menu_name' F:\QiswlPay\Runtime\Cache\Admin\b595b808c2ebeeeb0478ffc30bb4e87a.php 第 99 行.
NOTIC: [8] Use of undefined constant menu_name - assumed 'menu_name' F:\QiswlPay\Runtime\Cache\Admin\b595b808c2ebeeeb0478ffc30bb4e87a.php 第 99 行.
NOTIC: [8] Use of undefined constant menu_name - assumed 'menu_name' F:\QiswlPay\Runtime\Cache\Admin\b595b808c2ebeeeb0478ffc30bb4e87a.php 第 99 行.
NOTIC: [8] Use of undefined constant menu_name - assumed 'menu_name' F:\QiswlPay\Runtime\Cache\Admin\b595b808c2ebeeeb0478ffc30bb4e87a.php 第 99 行.
NOTIC: [8] Use of undefined constant menu_name - assumed 'menu_name' F:\QiswlPay\Runtime\Cache\Admin\b595b808c2ebeeeb0478ffc30bb4e87a.php 第 99 行.
NOTIC: [8] Use of undefined constant menu_name - assumed 'menu_name' F:\QiswlPay\Runtime\Cache\Admin\b595b808c2ebeeeb0478ffc30bb4e87a.php 第 99 行.
NOTIC: [8] Use of undefined constant menu_name - assumed 'menu_name' F:\QiswlPay\Runtime\Cache\Admin\b595b808c2ebeeeb0478ffc30bb4e87a.php 第 99 行.
NOTIC: [8] Use of undefined constant menu_name - assumed 'menu_name' F:\QiswlPay\Runtime\Cache\Admin\b595b808c2ebeeeb0478ffc30bb4e87a.php 第 99 行.
NOTIC: [8] Use of undefined constant menu_name - assumed 'menu_name' F:\QiswlPay\Runtime\Cache\Admin\b595b808c2ebeeeb0478ffc30bb4e87a.php 第 99 行.
NOTIC: [8] Use of undefined constant menu_name - assumed 'menu_name' F:\QiswlPay\Runtime\Cache\Admin\b595b808c2ebeeeb0478ffc30bb4e87a.php 第 99 行.
NOTIC: [8] Use of undefined constant menu_name - assumed 'menu_name' F:\QiswlPay\Runtime\Cache\Admin\b595b808c2ebeeeb0478ffc30bb4e87a.php 第 99 行.
NOTIC: [8] Use of undefined constant menu_name - assumed 'menu_name' F:\QiswlPay\Runtime\Cache\Admin\b595b808c2ebeeeb0478ffc30bb4e87a.php 第 99 行.
NOTIC: [8] Use of undefined constant menu_name - assumed 'menu_name' F:\QiswlPay\Runtime\Cache\Admin\b595b808c2ebeeeb0478ffc30bb4e87a.php 第 99 行.
NOTIC: [8] Use of undefined constant menu_name - assumed 'menu_name' F:\QiswlPay\Runtime\Cache\Admin\b595b808c2ebeeeb0478ffc30bb4e87a.php 第 99 行.
NOTIC: [8] Use of undefined constant menu_name - assumed 'menu_name' F:\QiswlPay\Runtime\Cache\Admin\b595b808c2ebeeeb0478ffc30bb4e87a.php 第 99 行.
NOTIC: [8] Use of undefined constant menu_name - assumed 'menu_name' F:\QiswlPay\Runtime\Cache\Admin\b595b808c2ebeeeb0478ffc30bb4e87a.php 第 99 行.
NOTIC: [8] Use of undefined constant menu_name - assumed 'menu_name' F:\QiswlPay\Runtime\Cache\Admin\b595b808c2ebeeeb0478ffc30bb4e87a.php 第 99 行.
NOTIC: [8] Use of undefined constant menu_name - assumed 'menu_name' F:\QiswlPay\Runtime\Cache\Admin\b595b808c2ebeeeb0478ffc30bb4e87a.php 第 99 行.
NOTIC: [8] Use of undefined constant menu_name - assumed 'menu_name' F:\QiswlPay\Runtime\Cache\Admin\b595b808c2ebeeeb0478ffc30bb4e87a.php 第 99 行.
NOTIC: [8] Use of undefined constant menu_name - assumed 'menu_name' F:\QiswlPay\Runtime\Cache\Admin\b595b808c2ebeeeb0478ffc30bb4e87a.php 第 99 行.
NOTIC: [8] Use of undefined constant menu_name - assumed 'menu_name' F:\QiswlPay\Runtime\Cache\Admin\b595b808c2ebeeeb0478ffc30bb4e87a.php 第 99 行.
NOTIC: [8] Use of undefined constant menu_name - assumed 'menu_name' F:\QiswlPay\Runtime\Cache\Admin\b595b808c2ebeeeb0478ffc30bb4e87a.php 第 99 行.
NOTIC: [8] Use of undefined constant menu_name - assumed 'menu_name' F:\QiswlPay\Runtime\Cache\Admin\b595b808c2ebeeeb0478ffc30bb4e87a.php 第 99 行.
NOTIC: [8] Use of undefined constant menu_name - assumed 'menu_name' F:\QiswlPay\Runtime\Cache\Admin\b595b808c2ebeeeb0478ffc30bb4e87a.php 第 99 行.
NOTIC: [8] Use of undefined constant menu_name - assumed 'menu_name' F:\QiswlPay\Runtime\Cache\Admin\b595b808c2ebeeeb0478ffc30bb4e87a.php 第 99 行.
NOTIC: [8] Use of undefined constant menu_name - assumed 'menu_name' F:\QiswlPay\Runtime\Cache\Admin\b595b808c2ebeeeb0478ffc30bb4e87a.php 第 99 行.
INFO: Run Behavior\ParseTemplateBehavior [ RunTime:0.022001s ]
INFO: [ view_parse ] --END-- [ RunTime:0.022001s ]
INFO: [ view_filter ] --START--
INFO: Run Behavior\WriteHtmlCacheBehavior [ RunTime:0.001000s ]
INFO: Run Behavior\TokenBuildBehavior [ RunTime:0.001000s ]
INFO: [ view_filter ] --END-- [ RunTime:0.002000s ]
INFO: [ app_end ] --START--
INFO: Run Behavior\ShowPageTraceBehavior [ RunTime:0.002000s ]
INFO: [ app_end ] --END-- [ RunTime:0.002000s ]

[ 2019-05-25T13:02:58+08:00 ] 127.0.0.1 /admin_Index_main.html
INFO: [ app_init ] --START--
INFO: Run Behavior\BuildLiteBehavior [ RunTime:0.000000s ]
INFO: [ app_init ] --END-- [ RunTime:0.000000s ]
INFO: [ app_begin ] --START--
INFO: Run Behavior\ReadHtmlCacheBehavior [ RunTime:0.001000s ]
INFO: Run Behavior\CheckLangBehavior [ RunTime:0.001000s ]
INFO: [ app_begin ] --END-- [ RunTime:0.002000s ]
INFO: [ action_begin ] --START--
INFO: Run Behavior\CheckAuthBehavior [ RunTime:0.001000s ]
INFO: [ action_begin ] --END-- [ RunTime:0.002000s ]
INFO: [ view_parse ] --START--
INFO: [ template_filter ] --START--
INFO: Run Behavior\ContentReplaceBehavior [ RunTime:0.000000s ]
INFO: [ template_filter ] --END-- [ RunTime:0.000000s ]
INFO: Run Behavior\ParseTemplateBehavior [ RunTime:0.017001s ]
INFO: [ view_parse ] --END-- [ RunTime:0.017001s ]
INFO: [ view_filter ] --START--
INFO: Run Behavior\WriteHtmlCacheBehavior [ RunTime:0.000000s ]
INFO: Run Behavior\TokenBuildBehavior [ RunTime:0.002000s ]
INFO: [ view_filter ] --END-- [ RunTime:0.002000s ]
INFO: [ app_end ] --START--
INFO: Run Behavior\ShowPageTraceBehavior [ RunTime:0.001000s ]
INFO: [ app_end ] --END-- [ RunTime:0.001000s ]

[ 2019-05-25T13:03:08+08:00 ] 127.0.0.1 /admin_System_base.html
INFO: [ app_init ] --START--
INFO: Run Behavior\BuildLiteBehavior [ RunTime:0.001000s ]
INFO: [ app_init ] --END-- [ RunTime:0.001000s ]
INFO: [ app_begin ] --START--
INFO: Run Behavior\ReadHtmlCacheBehavior [ RunTime:0.000000s ]
INFO: Run Behavior\CheckLangBehavior [ RunTime:0.002000s ]
INFO: [ app_begin ] --END-- [ RunTime:0.003000s ]
INFO: [ action_begin ] --START--
INFO: Run Behavior\CheckAuthBehavior [ RunTime:0.000000s ]
INFO: [ action_begin ] --END-- [ RunTime:0.001000s ]
INFO: [ view_parse ] --START--
INFO: [ template_filter ] --START--
INFO: Run Behavior\ContentReplaceBehavior [ RunTime:0.000000s ]
INFO: [ template_filter ] --END-- [ RunTime:0.001000s ]
INFO: Run Behavior\ParseTemplateBehavior [ RunTime:0.017001s ]
INFO: [ view_parse ] --END-- [ RunTime:0.017001s ]
INFO: [ view_filter ] --START--
INFO: Run Behavior\WriteHtmlCacheBehavior [ RunTime:0.000000s ]
INFO: Run Behavior\TokenBuildBehavior [ RunTime:0.000000s ]
INFO: [ view_filter ] --END-- [ RunTime:0.001000s ]
INFO: [ app_end ] --START--
INFO: Run Behavior\ShowPageTraceBehavior [ RunTime:0.001000s ]
INFO: [ app_end ] --END-- [ RunTime:0.001000s ]

[ 2019-05-25T13:03:15+08:00 ] 127.0.0.1 /admin_System_email.html
INFO: [ app_init ] --START--
INFO: Run Behavior\BuildLiteBehavior [ RunTime:0.000000s ]
INFO: [ app_init ] --END-- [ RunTime:0.000000s ]
INFO: [ app_begin ] --START--
INFO: Run Behavior\ReadHtmlCacheBehavior [ RunTime:0.000000s ]
INFO: Run Behavior\CheckLangBehavior [ RunTime:0.001001s ]
INFO: [ app_begin ] --END-- [ RunTime:0.001001s ]
INFO: [ action_begin ] --START--
INFO: Run Behavior\CheckAuthBehavior [ RunTime:0.000000s ]
INFO: [ action_begin ] --END-- [ RunTime:0.000000s ]
INFO: [ view_parse ] --START--
INFO: [ template_filter ] --START--
INFO: Run Behavior\ContentReplaceBehavior [ RunTime:0.001000s ]
INFO: [ template_filter ] --END-- [ RunTime:0.001000s ]
INFO: Run Behavior\ParseTemplateBehavior [ RunTime:0.010001s ]
INFO: [ view_parse ] --END-- [ RunTime:0.010001s ]
INFO: [ view_filter ] --START--
INFO: Run Behavior\WriteHtmlCacheBehavior [ RunTime:0.000000s ]
INFO: Run Behavior\TokenBuildBehavior [ RunTime:0.001000s ]
INFO: [ view_filter ] --END-- [ RunTime:0.001000s ]
INFO: [ app_end ] --START--
INFO: Run Behavior\ShowPageTraceBehavior [ RunTime:0.001000s ]
INFO: [ app_end ] --END-- [ RunTime:0.001000s ]

[ 2019-05-25T13:03:16+08:00 ] 127.0.0.1 /admin_System_smssz.html
INFO: [ app_init ] --START--
INFO: Run Behavior\BuildLiteBehavior [ RunTime:0.000000s ]
INFO: [ app_init ] --END-- [ RunTime:0.000000s ]
INFO: [ app_begin ] --START--
INFO: Run Behavior\ReadHtmlCacheBehavior [ RunTime:0.001000s ]
INFO: Run Behavior\CheckLangBehavior [ RunTime:0.001000s ]
INFO: [ app_begin ] --END-- [ RunTime:0.002000s ]
INFO: [ action_begin ] --START--
INFO: Run Behavior\CheckAuthBehavior [ RunTime:0.000000s ]
INFO: [ action_begin ] --END-- [ RunTime:0.000000s ]
INFO: [ view_parse ] --START--
INFO: [ template_filter ] --START--
INFO: Run Behavior\ContentReplaceBehavior [ RunTime:0.000000s ]
INFO: [ template_filter ] --END-- [ RunTime:0.000000s ]
INFO: Run Behavior\ParseTemplateBehavior [ RunTime:0.012000s ]
INFO: [ view_parse ] --END-- [ RunTime:0.012000s ]
INFO: [ view_filter ] --START--
INFO: Run Behavior\WriteHtmlCacheBehavior [ RunTime:0.001000s ]
INFO: Run Behavior\TokenBuildBehavior [ RunTime:0.001000s ]
INFO: [ view_filter ] --END-- [ RunTime:0.002000s ]
INFO: [ app_end ] --START--
INFO: Run Behavior\ShowPageTraceBehavior [ RunTime:0.000000s ]
INFO: [ app_end ] --END-- [ RunTime:0.000000s ]

[ 2019-05-25T13:03:17+08:00 ] 127.0.0.1 /admin_System_planning.html
INFO: [ app_init ] --START--
INFO: Run Behavior\BuildLiteBehavior [ RunTime:0.000000s ]
INFO: [ app_init ] --END-- [ RunTime:0.000000s ]
INFO: [ app_begin ] --START--
INFO: Run Behavior\ReadHtmlCacheBehavior [ RunTime:0.001000s ]
INFO: Run Behavior\CheckLangBehavior [ RunTime:0.001000s ]
INFO: [ app_begin ] --END-- [ RunTime:0.002000s ]
INFO: [ action_begin ] --START--
INFO: Run Behavior\CheckAuthBehavior [ RunTime:0.000000s ]
INFO: [ action_begin ] --END-- [ RunTime:0.000000s ]
INFO: [ view_parse ] --START--
INFO: [ template_filter ] --START--
INFO: Run Behavior\ContentReplaceBehavior [ RunTime:0.000000s ]
INFO: [ template_filter ] --END-- [ RunTime:0.000000s ]
NOTIC: [8] Undefined variable: vo F:\QiswlPay\Runtime\Cache\Admin\d7a356f3b3c9e2004575337ef6e02290.php 第 34 行.
INFO: Run Behavior\ParseTemplateBehavior [ RunTime:0.013001s ]
INFO: [ view_parse ] --END-- [ RunTime:0.014001s ]
INFO: [ view_filter ] --START--
INFO: Run Behavior\WriteHtmlCacheBehavior [ RunTime:0.000000s ]
INFO: Run Behavior\TokenBuildBehavior [ RunTime:0.000000s ]
INFO: [ view_filter ] --END-- [ RunTime:0.000000s ]
INFO: [ app_end ] --START--
INFO: Run Behavior\ShowPageTraceBehavior [ RunTime:0.000000s ]
INFO: [ app_end ] --END-- [ RunTime:0.000000s ]

[ 2019-05-25T13:03:17+08:00 ] 127.0.0.1 /admin_System_mobile.html
INFO: [ app_init ] --START--
INFO: Run Behavior\BuildLiteBehavior [ RunTime:0.000000s ]
INFO: [ app_init ] --END-- [ RunTime:0.000000s ]
INFO: [ app_begin ] --START--
INFO: Run Behavior\ReadHtmlCacheBehavior [ RunTime:0.001000s ]
INFO: Run Behavior\CheckLangBehavior [ RunTime:0.001000s ]
INFO: [ app_begin ] --END-- [ RunTime:0.002000s ]
INFO: [ action_begin ] --START--
INFO: Run Behavior\CheckAuthBehavior [ RunTime:0.001000s ]
INFO: [ action_begin ] --END-- [ RunTime:0.001000s ]
INFO: [ view_parse ] --START--
INFO: [ template_filter ] --START--
INFO: Run Behavior\ContentReplaceBehavior [ RunTime:0.000000s ]
INFO: [ template_filter ] --END-- [ RunTime:0.000000s ]
INFO: Run Behavior\ParseTemplateBehavior [ RunTime:0.010001s ]
INFO: [ view_parse ] --END-- [ RunTime:0.010001s ]
INFO: [ view_filter ] --START--
INFO: Run Behavior\WriteHtmlCacheBehavior [ RunTime:0.000000s ]
INFO: Run Behavior\TokenBuildBehavior [ RunTime:0.000000s ]
INFO: [ view_filter ] --END-- [ RunTime:0.000000s ]
INFO: [ app_end ] --START--
INFO: Run Behavior\ShowPageTraceBehavior [ RunTime:0.001000s ]
INFO: [ app_end ] --END-- [ RunTime:0.001000s ]

[ 2019-05-25T13:03:18+08:00 ] 127.0.0.1 /admin_System_clearData.html
INFO: [ app_init ] --START--
INFO: Run Behavior\BuildLiteBehavior [ RunTime:0.000000s ]
INFO: [ app_init ] --END-- [ RunTime:0.000000s ]
INFO: [ app_begin ] --START--
INFO: Run Behavior\ReadHtmlCacheBehavior [ RunTime:0.001001s ]
INFO: Run Behavior\CheckLangBehavior [ RunTime:0.001000s ]
INFO: [ app_begin ] --END-- [ RunTime:0.002001s ]
INFO: [ action_begin ] --START--
INFO: Run Behavior\CheckAuthBehavior [ RunTime:0.000000s ]
INFO: [ action_begin ] --END-- [ RunTime:0.000000s ]
INFO: [ view_parse ] --START--
INFO: [ template_filter ] --START--
INFO: Run Behavior\ContentReplaceBehavior [ RunTime:0.000000s ]
INFO: [ template_filter ] --END-- [ RunTime:0.001000s ]
NOTIC: [8] Undefined variable: order F:\QiswlPay\Runtime\Cache\Admin\7c0863b380fc6679e76e261366fca257.php 第 35 行.
INFO: Run Behavior\ParseTemplateBehavior [ RunTime:0.011001s ]
INFO: [ view_parse ] --END-- [ RunTime:0.011001s ]
INFO: [ view_filter ] --START--
INFO: Run Behavior\WriteHtmlCacheBehavior [ RunTime:0.001000s ]
INFO: Run Behavior\TokenBuildBehavior [ RunTime:0.000000s ]
INFO: [ view_filter ] --END-- [ RunTime:0.001000s ]
INFO: [ app_end ] --START--
INFO: Run Behavior\ShowPageTraceBehavior [ RunTime:0.001000s ]
INFO: [ app_end ] --END-- [ RunTime:0.001000s ]

[ 2019-05-25T13:03:20+08:00 ] 127.0.0.1 /admin_System_editPassword.html
INFO: [ app_init ] --START--
INFO: Run Behavior\BuildLiteBehavior [ RunTime:0.000000s ]
INFO: [ app_init ] --END-- [ RunTime:0.000000s ]
INFO: [ app_begin ] --START--
INFO: Run Behavior\ReadHtmlCacheBehavior [ RunTime:0.000000s ]
INFO: Run Behavior\CheckLangBehavior [ RunTime:0.001000s ]
INFO: [ app_begin ] --END-- [ RunTime:0.001000s ]
INFO: [ action_begin ] --START--
INFO: Run Behavior\CheckAuthBehavior [ RunTime:0.001000s ]
INFO: [ action_begin ] --END-- [ RunTime:0.001000s ]
INFO: [ view_parse ] --START--
INFO: [ template_filter ] --START--
INFO: Run Behavior\ContentReplaceBehavior [ RunTime:0.000000s ]
INFO: [ template_filter ] --END-- [ RunTime:0.000000s ]
INFO: Run Behavior\ParseTemplateBehavior [ RunTime:0.013000s ]
INFO: [ view_parse ] --END-- [ RunTime:0.013000s ]
INFO: [ view_filter ] --START--
INFO: Run Behavior\WriteHtmlCacheBehavior [ RunTime:0.001000s ]
INFO: Run Behavior\TokenBuildBehavior [ RunTime:0.000000s ]
INFO: [ view_filter ] --END-- [ RunTime:0.001000s ]
INFO: [ app_end ] --START--
INFO: Run Behavior\ShowPageTraceBehavior [ RunTime:0.001000s ]
INFO: [ app_end ] --END-- [ RunTime:0.001000s ]

[ 2019-05-25T13:03:23+08:00 ] 127.0.0.1 /admin_Admin_index.html
INFO: [ app_init ] --START--
INFO: Run Behavior\BuildLiteBehavior [ RunTime:0.000000s ]
INFO: [ app_init ] --END-- [ RunTime:0.000000s ]
INFO: [ app_begin ] --START--
INFO: Run Behavior\ReadHtmlCacheBehavior [ RunTime:0.001000s ]
INFO: Run Behavior\CheckLangBehavior [ RunTime:0.002000s ]
INFO: [ app_begin ] --END-- [ RunTime:0.003000s ]
INFO: [ action_begin ] --START--
INFO: Run Behavior\CheckAuthBehavior [ RunTime:0.000000s ]
INFO: [ action_begin ] --END-- [ RunTime:0.000000s ]
INFO: [ view_parse ] --START--
INFO: [ template_filter ] --START--
INFO: Run Behavior\ContentReplaceBehavior [ RunTime:0.000000s ]
INFO: [ template_filter ] --END-- [ RunTime:0.000000s ]
NOTIC: [8] Use of undefined constant id - assumed 'id' F:\QiswlPay\Runtime\Cache\Admin\b682812e058c4f7cab74d08ab9eabe11.php 第 63 行.
NOTIC: [8] Use of undefined constant id - assumed 'id' F:\QiswlPay\Runtime\Cache\Admin\b682812e058c4f7cab74d08ab9eabe11.php 第 65 行.
INFO: Run Behavior\ParseTemplateBehavior [ RunTime:0.010001s ]
INFO: [ view_parse ] --END-- [ RunTime:0.010001s ]
INFO: [ view_filter ] --START--
INFO: Run Behavior\WriteHtmlCacheBehavior [ RunTime:0.001000s ]
INFO: Run Behavior\TokenBuildBehavior [ RunTime:0.000000s ]
INFO: [ view_filter ] --END-- [ RunTime:0.001000s ]
INFO: [ app_end ] --START--
INFO: Run Behavior\ShowPageTraceBehavior [ RunTime:0.001000s ]
INFO: [ app_end ] --END-- [ RunTime:0.001000s ]

[ 2019-05-25T13:03:24+08:00 ] 127.0.0.1 /admin_Auth_index.html
INFO: [ app_init ] --START--
INFO: Run Behavior\BuildLiteBehavior [ RunTime:0.000000s ]
INFO: [ app_init ] --END-- [ RunTime:0.000000s ]
INFO: [ app_begin ] --START--
INFO: Run Behavior\ReadHtmlCacheBehavior [ RunTime:0.000000s ]
INFO: Run Behavior\CheckLangBehavior [ RunTime:0.001000s ]
INFO: [ app_begin ] --END-- [ RunTime:0.001000s ]
INFO: [ action_begin ] --START--
INFO: Run Behavior\CheckAuthBehavior [ RunTime:0.001000s ]
INFO: [ action_begin ] --END-- [ RunTime:0.001000s ]
INFO: [ view_parse ] --START--
INFO: [ template_filter ] --START--
INFO: Run Behavior\ContentReplaceBehavior [ RunTime:0.000000s ]
INFO: [ template_filter ] --END-- [ RunTime:0.000000s ]
NOTIC: [8] Use of undefined constant id - assumed 'id' F:\QiswlPay\Runtime\Cache\Admin\7037a8d5a64fd30b57d5fa54024ea286.php 第 60 行.
NOTIC: [8] Use of undefined constant id - assumed 'id' F:\QiswlPay\Runtime\Cache\Admin\7037a8d5a64fd30b57d5fa54024ea286.php 第 60 行.
NOTIC: [8] Use of undefined constant id - assumed 'id' F:\QiswlPay\Runtime\Cache\Admin\7037a8d5a64fd30b57d5fa54024ea286.php 第 62 行.
NOTIC: [8] Use of undefined constant id - assumed 'id' F:\QiswlPay\Runtime\Cache\Admin\7037a8d5a64fd30b57d5fa54024ea286.php 第 60 行.
NOTIC: [8] Use of undefined constant id - assumed 'id' F:\QiswlPay\Runtime\Cache\Admin\7037a8d5a64fd30b57d5fa54024ea286.php 第 62 行.
NOTIC: [8] Use of undefined constant id - assumed 'id' F:\QiswlPay\Runtime\Cache\Admin\7037a8d5a64fd30b57d5fa54024ea286.php 第 60 行.
NOTIC: [8] Use of undefined constant id - assumed 'id' F:\QiswlPay\Runtime\Cache\Admin\7037a8d5a64fd30b57d5fa54024ea286.php 第 62 行.
NOTIC: [8] Use of undefined constant id - assumed 'id' F:\QiswlPay\Runtime\Cache\Admin\7037a8d5a64fd30b57d5fa54024ea286.php 第 60 行.
NOTIC: [8] Use of undefined constant id - assumed 'id' F:\QiswlPay\Runtime\Cache\Admin\7037a8d5a64fd30b57d5fa54024ea286.php 第 62 行.
INFO: Run Behavior\ParseTemplateBehavior [ RunTime:0.011000s ]
INFO: [ view_parse ] --END-- [ RunTime:0.011000s ]
INFO: [ view_filter ] --START--
INFO: Run Behavior\WriteHtmlCacheBehavior [ RunTime:0.000000s ]
INFO: Run Behavior\TokenBuildBehavior [ RunTime:0.001000s ]
INFO: [ view_filter ] --END-- [ RunTime:0.001000s ]
INFO: [ app_end ] --START--
INFO: Run Behavior\ShowPageTraceBehavior [ RunTime:0.001001s ]
INFO: [ app_end ] --END-- [ RunTime:0.001001s ]

[ 2019-05-25T13:03:25+08:00 ] 127.0.0.1 /admin_Menu_index.html
INFO: [ app_init ] --START--
INFO: Run Behavior\BuildLiteBehavior [ RunTime:0.000000s ]
INFO: [ app_init ] --END-- [ RunTime:0.000000s ]
INFO: [ app_begin ] --START--
INFO: Run Behavior\ReadHtmlCacheBehavior [ RunTime:0.001000s ]
INFO: Run Behavior\CheckLangBehavior [ RunTime:0.002000s ]
INFO: [ app_begin ] --END-- [ RunTime:0.003000s ]
INFO: [ action_begin ] --START--
INFO: Run Behavior\CheckAuthBehavior [ RunTime:0.001000s ]
INFO: [ action_begin ] --END-- [ RunTime:0.001000s ]
NOTIC: [8] Undefined offset: 1 F:\QiswlPay\Application\Admin\Controller\MenuController.class.php 第 26 行.
INFO: [ view_parse ] --START--
INFO: [ template_filter ] --START--
INFO: Run Behavior\ContentReplaceBehavior [ RunTime:0.000000s ]
INFO: [ template_filter ] --END-- [ RunTime:0.000000s ]
NOTIC: [8] Use of undefined constant id - assumed 'id' F:\QiswlPay\Runtime\Cache\Admin\b956215329b6f9aca22277599a4efdfc.php 第 68 行.
NOTIC: [8] Use of undefined constant id - assumed 'id' F:\QiswlPay\Runtime\Cache\Admin\b956215329b6f9aca22277599a4efdfc.php 第 72 行.
NOTIC: [8] Use of undefined constant id - assumed 'id' F:\QiswlPay\Runtime\Cache\Admin\b956215329b6f9aca22277599a4efdfc.php 第 75 行.
NOTIC: [8] Use of undefined constant id - assumed 'id' F:\QiswlPay\Runtime\Cache\Admin\b956215329b6f9aca22277599a4efdfc.php 第 68 行.
NOTIC: [8] Use of undefined constant id - assumed 'id' F:\QiswlPay\Runtime\Cache\Admin\b956215329b6f9aca22277599a4efdfc.php 第 72 行.
NOTIC: [8] Use of undefined constant id - assumed 'id' F:\QiswlPay\Runtime\Cache\Admin\b956215329b6f9aca22277599a4efdfc.php 第 75 行.
NOTIC: [8] Use of undefined constant id - assumed 'id' F:\QiswlPay\Runtime\Cache\Admin\b956215329b6f9aca22277599a4efdfc.php 第 68 行.
NOTIC: [8] Use of undefined constant id - assumed 'id' F:\QiswlPay\Runtime\Cache\Admin\b956215329b6f9aca22277599a4efdfc.php 第 72 行.
NOTIC: [8] Use of undefined constant id - assumed 'id' F:\QiswlPay\Runtime\Cache\Admin\b956215329b6f9aca22277599a4efdfc.php 第 75 行.
NOTIC: [8] Use of undefined constant id - assumed 'id' F:\QiswlPay\Runtime\Cache\Admin\b956215329b6f9aca22277599a4efdfc.php 第 68 行.
NOTIC: [8] Use of undefined constant id - assumed 'id' F:\QiswlPay\Runtime\Cache\Admin\b956215329b6f9aca22277599a4efdfc.php 第 72 行.
NOTIC: [8] Use of undefined constant id - assumed 'id' F:\QiswlPay\Runtime\Cache\Admin\b956215329b6f9aca22277599a4efdfc.php 第 75 行.
NOTIC: [8] Use of undefined constant id - assumed 'id' F:\QiswlPay\Runtime\Cache\Admin\b956215329b6f9aca22277599a4efdfc.php 第 68 行.
NOTIC: [8] Use of undefined constant id - assumed 'id' F:\QiswlPay\Runtime\Cache\Admin\b956215329b6f9aca22277599a4efdfc.php 第 72 行.
NOTIC: [8] Use of undefined constant id - assumed 'id' F:\QiswlPay\Runtime\Cache\Admin\b956215329b6f9aca22277599a4efdfc.php 第 75 行.
NOTIC: [8] Use of undefined constant id - assumed 'id' F:\QiswlPay\Runtime\Cache\Admin\b956215329b6f9aca22277599a4efdfc.php 第 68 行.
NOTIC: [8] Use of undefined constant id - assumed 'id' F:\QiswlPay\Runtime\Cache\Admin\b956215329b6f9aca22277599a4efdfc.php 第 72 行.
NOTIC: [8] Use of undefined constant id - assumed 'id' F:\QiswlPay\Runtime\Cache\Admin\b956215329b6f9aca22277599a4efdfc.php 第 75 行.
NOTIC: [8] Use of undefined constant id - assumed 'id' F:\QiswlPay\Runtime\Cache\Admin\b956215329b6f9aca22277599a4efdfc.php 第 68 行.
NOTIC: [8] Use of undefined constant id - assumed 'id' F:\QiswlPay\Runtime\Cache\Admin\b956215329b6f9aca22277599a4efdfc.php 第 72 行.
NOTIC: [8] Use of undefined constant id - assumed 'id' F:\QiswlPay\Runtime\Cache\Admin\b956215329b6f9aca22277599a4efdfc.php 第 75 行.
NOTIC: [8] Use of undefined constant id - assumed 'id' F:\QiswlPay\Runtime\Cache\Admin\b956215329b6f9aca22277599a4efdfc.php 第 68 行.
NOTIC: [8] Use of undefined constant id - assumed 'id' F:\QiswlPay\Runtime\Cache\Admin\b956215329b6f9aca22277599a4efdfc.php 第 72 行.
NOTIC: [8] Use of undefined constant id - assumed 'id' F:\QiswlPay\Runtime\Cache\Admin\b956215329b6f9aca22277599a4efdfc.php 第 75 行.
NOTIC: [8] Use of undefined constant id - assumed 'id' F:\QiswlPay\Runtime\Cache\Admin\b956215329b6f9aca22277599a4efdfc.php 第 68 行.
NOTIC: [8] Use of undefined constant id - assumed 'id' F:\QiswlPay\Runtime\Cache\Admin\b956215329b6f9aca22277599a4efdfc.php 第 72 行.
NOTIC: [8] Use of undefined constant id - assumed 'id' F:\QiswlPay\Runtime\Cache\Admin\b956215329b6f9aca22277599a4efdfc.php 第 75 行.
NOTIC: [8] Use of undefined constant id - assumed 'id' F:\QiswlPay\Runtime\Cache\Admin\b956215329b6f9aca22277599a4efdfc.php 第 68 行.
NOTIC: [8] Use of undefined constant id - assumed 'id' F:\QiswlPay\Runtime\Cache\Admin\b956215329b6f9aca22277599a4efdfc.php 第 72 行.
NOTIC: [8] Use of undefined constant id - assumed 'id' F:\QiswlPay\Runtime\Cache\Admin\b956215329b6f9aca22277599a4efdfc.php 第 75 行.
NOTIC: [8] Use of undefined constant id - assumed 'id' F:\QiswlPay\Runtime\Cache\Admin\b956215329b6f9aca22277599a4efdfc.php 第 68 行.
NOTIC: [8] Use of undefined constant id - assumed 'id' F:\QiswlPay\Runtime\Cache\Admin\b956215329b6f9aca22277599a4efdfc.php 第 72 行.
NOTIC: [8] Use of undefined constant id - assumed 'id' F:\QiswlPay\Runtime\Cache\Admin\b956215329b6f9aca22277599a4efdfc.php 第 75 行.
NOTIC: [8] Use of undefined constant id - assumed 'id' F:\QiswlPay\Runtime\Cache\Admin\b956215329b6f9aca22277599a4efdfc.php 第 68 行.
NOTIC: [8] Use of undefined constant id - assumed 'id' F:\QiswlPay\Runtime\Cache\Admin\b956215329b6f9aca22277599a4efdfc.php 第 72 行.
NOTIC: [8] Use of undefined constant id - assumed 'id' F:\QiswlPay\Runtime\Cache\Admin\b956215329b6f9aca22277599a4efdfc.php 第 75 行.
NOTIC: [8] Use of undefined constant id - assumed 'id' F:\QiswlPay\Runtime\Cache\Admin\b956215329b6f9aca22277599a4efdfc.php 第 68 行.
NOTIC: [8] Use of undefined constant id - assumed 'id' F:\QiswlPay\Runtime\Cache\Admin\b956215329b6f9aca22277599a4efdfc.php 第 72 行.
NOTIC: [8] Use of undefined constant id - assumed 'id' F:\QiswlPay\Runtime\Cache\Admin\b956215329b6f9aca22277599a4efdfc.php 第 75 行.
NOTIC: [8] Use of undefined constant id - assumed 'id' F:\QiswlPay\Runtime\Cache\Admin\b956215329b6f9aca22277599a4efdfc.php 第 68 行.
NOTIC: [8] Use of undefined constant id - assumed 'id' F:\QiswlPay\Runtime\Cache\Admin\b956215329b6f9aca22277599a4efdfc.php 第 72 行.
NOTIC: [8] Use of undefined constant id - assumed 'id' F:\QiswlPay\Runtime\Cache\Admin\b956215329b6f9aca22277599a4efdfc.php 第 75 行.
NOTIC: [8] Use of undefined constant id - assumed 'id' F:\QiswlPay\Runtime\Cache\Admin\b956215329b6f9aca22277599a4efdfc.php 第 68 行.
NOTIC: [8] Use of undefined constant id - assumed 'id' F:\QiswlPay\Runtime\Cache\Admin\b956215329b6f9aca22277599a4efdfc.php 第 72 行.
NOTIC: [8] Use of undefined constant id - assumed 'id' F:\QiswlPay\Runtime\Cache\Admin\b956215329b6f9aca22277599a4efdfc.php 第 75 行.
NOTIC: [8] Use of undefined constant id - assumed 'id' F:\QiswlPay\Runtime\Cache\Admin\b956215329b6f9aca22277599a4efdfc.php 第 68 行.
NOTIC: [8] Use of undefined constant id - assumed 'id' F:\QiswlPay\Runtime\Cache\Admin\b956215329b6f9aca22277599a4efdfc.php 第 72 行.
NOTIC: [8] Use of undefined constant id - assumed 'id' F:\QiswlPay\Runtime\Cache\Admin\b956215329b6f9aca22277599a4efdfc.php 第 75 行.
NOTIC: [8] Use of undefined constant id - assumed 'id' F:\QiswlPay\Runtime\Cache\Admin\b956215329b6f9aca22277599a4efdfc.php 第 68 行.
NOTIC: [8] Use of undefined constant id - assumed 'id' F:\QiswlPay\Runtime\Cache\Admin\b956215329b6f9aca22277599a4efdfc.php 第 72 行.
NOTIC: [8] Use of undefined constant id - assumed 'id' F:\QiswlPay\Runtime\Cache\Admin\b956215329b6f9aca22277599a4efdfc.php 第 75 行.
NOTIC: [8] Use of undefined constant id - assumed 'id' F:\QiswlPay\Runtime\Cache\Admin\b956215329b6f9aca22277599a4efdfc.php 第 68 行.
NOTIC: [8] Use of undefined constant id - assumed 'id' F:\QiswlPay\Runtime\Cache\Admin\b956215329b6f9aca22277599a4efdfc.php 第 72 行.
NOTIC: [8] Use of undefined constant id - assumed 'id' F:\QiswlPay\Runtime\Cache\Admin\b956215329b6f9aca22277599a4efdfc.php 第 75 行.
NOTIC: [8] Use of undefined constant id - assumed 'id' F:\QiswlPay\Runtime\Cache\Admin\b956215329b6f9aca22277599a4efdfc.php 第 68 行.
NOTIC: [8] Use of undefined constant id - assumed 'id' F:\QiswlPay\Runtime\Cache\Admin\b956215329b6f9aca22277599a4efdfc.php 第 72 行.
NOTIC: [8] Use of undefined constant id - assumed 'id' F:\QiswlPay\Runtime\Cache\Admin\b956215329b6f9aca22277599a4efdfc.php 第 75 行.
NOTIC: [8] Use of undefined constant id - assumed 'id' F:\QiswlPay\Runtime\Cache\Admin\b956215329b6f9aca22277599a4efdfc.php 第 68 行.
NOTIC: [8] Use of undefined constant id - assumed 'id' F:\QiswlPay\Runtime\Cache\Admin\b956215329b6f9aca22277599a4efdfc.php 第 72 行.
NOTIC: [8] Use of undefined constant id - assumed 'id' F:\QiswlPay\Runtime\Cache\Admin\b956215329b6f9aca22277599a4efdfc.php 第 75 行.
NOTIC: [8] Use of undefined constant id - assumed 'id' F:\QiswlPay\Runtime\Cache\Admin\b956215329b6f9aca22277599a4efdfc.php 第 68 行.
NOTIC: [8] Use of undefined constant id - assumed 'id' F:\QiswlPay\Runtime\Cache\Admin\b956215329b6f9aca22277599a4efdfc.php 第 72 行.
NOTIC: [8] Use of undefined constant id - assumed 'id' F:\QiswlPay\Runtime\Cache\Admin\b956215329b6f9aca22277599a4efdfc.php 第 75 行.
NOTIC: [8] Use of undefined constant id - assumed 'id' F:\QiswlPay\Runtime\Cache\Admin\b956215329b6f9aca22277599a4efdfc.php 第 68 行.
NOTIC: [8] Use of undefined constant id - assumed 'id' F:\QiswlPay\Runtime\Cache\Admin\b956215329b6f9aca22277599a4efdfc.php 第 72 行.
NOTIC: [8] Use of undefined constant id - assumed 'id' F:\QiswlPay\Runtime\Cache\Admin\b956215329b6f9aca22277599a4efdfc.php 第 75 行.
NOTIC: [8] Use of undefined constant id - assumed 'id' F:\QiswlPay\Runtime\Cache\Admin\b956215329b6f9aca22277599a4efdfc.php 第 68 行.
NOTIC: [8] Use of undefined constant id - assumed 'id' F:\QiswlPay\Runtime\Cache\Admin\b956215329b6f9aca22277599a4efdfc.php 第 72 行.
NOTIC: [8] Use of undefined constant id - assumed 'id' F:\QiswlPay\Runtime\Cache\Admin\b956215329b6f9aca22277599a4efdfc.php 第 75 行.
NOTIC: [8] Use of undefined constant id - assumed 'id' F:\QiswlPay\Runtime\Cache\Admin\b956215329b6f9aca22277599a4efdfc.php 第 68 行.
NOTIC: [8] Use of undefined constant id - assumed 'id' F:\QiswlPay\Runtime\Cache\Admin\b956215329b6f9aca22277599a4efdfc.php 第 72 行.
NOTIC: [8] Use of undefined constant id - assumed 'id' F:\QiswlPay\Runtime\Cache\Admin\b956215329b6f9aca22277599a4efdfc.php 第 75 行.
NOTIC: [8] Use of undefined constant id - assumed 'id' F:\QiswlPay\Runtime\Cache\Admin\b956215329b6f9aca22277599a4efdfc.php 第 68 行.
NOTIC: [8] Use of undefined constant id - assumed 'id' F:\QiswlPay\Runtime\Cache\Admin\b956215329b6f9aca22277599a4efdfc.php 第 72 行.
NOTIC: [8] Use of undefined constant id - assumed 'id' F:\QiswlPay\Runtime\Cache\Admin\b956215329b6f9aca22277599a4efdfc.php 第 75 行.
NOTIC: [8] Use of undefined constant id - assumed 'id' F:\QiswlPay\Runtime\Cache\Admin\b956215329b6f9aca22277599a4efdfc.php 第 68 行.
NOTIC: [8] Use of undefined constant id - assumed 'id' F:\QiswlPay\Runtime\Cache\Admin\b956215329b6f9aca22277599a4efdfc.php 第 72 行.
NOTIC: [8] Use of undefined constant id - assumed 'id' F:\QiswlPay\Runtime\Cache\Admin\b956215329b6f9aca22277599a4efdfc.php 第 75 行.
NOTIC: [8] Use of undefined constant id - assumed 'id' F:\QiswlPay\Runtime\Cache\Admin\b956215329b6f9aca22277599a4efdfc.php 第 68 行.
NOTIC: [8] Use of undefined constant id - assumed 'id' F:\QiswlPay\Runtime\Cache\Admin\b956215329b6f9aca22277599a4efdfc.php 第 72 行.
NOTIC: [8] Use of undefined constant id - assumed 'id' F:\QiswlPay\Runtime\Cache\Admin\b956215329b6f9aca22277599a4efdfc.php 第 75 行.
NOTIC: [8] Use of undefined constant id - assumed 'id' F:\QiswlPay\Runtime\Cache\Admin\b956215329b6f9aca22277599a4efdfc.php 第 68 行.
NOTIC: [8] Use of undefined constant id - assumed 'id' F:\QiswlPay\Runtime\Cache\Admin\b956215329b6f9aca22277599a4efdfc.php 第 72 行.
NOTIC: [8] Use of undefined constant id - assumed 'id' F:\QiswlPay\Runtime\Cache\Admin\b956215329b6f9aca22277599a4efdfc.php 第 75 行.
NOTIC: [8] Use of undefined constant id - assumed 'id' F:\QiswlPay\Runtime\Cache\Admin\b956215329b6f9aca22277599a4efdfc.php 第 68 行.
NOTIC: [8] Use of undefined constant id - assumed 'id' F:\QiswlPay\Runtime\Cache\Admin\b956215329b6f9aca22277599a4efdfc.php 第 72 行.
NOTIC: [8] Use of undefined constant id - assumed 'id' F:\QiswlPay\Runtime\Cache\Admin\b956215329b6f9aca22277599a4efdfc.php 第 75 行.
NOTIC: [8] Use of undefined constant id - assumed 'id' F:\QiswlPay\Runtime\Cache\Admin\b956215329b6f9aca22277599a4efdfc.php 第 68 行.
NOTIC: [8] Use of undefined constant id - assumed 'id' F:\QiswlPay\Runtime\Cache\Admin\b956215329b6f9aca22277599a4efdfc.php 第 72 行.
NOTIC: [8] Use of undefined constant id - assumed 'id' F:\QiswlPay\Runtime\Cache\Admin\b956215329b6f9aca22277599a4efdfc.php 第 75 行.
NOTIC: [8] Use of undefined constant id - assumed 'id' F:\QiswlPay\Runtime\Cache\Admin\b956215329b6f9aca22277599a4efdfc.php 第 68 行.
NOTIC: [8] Use of undefined constant id - assumed 'id' F:\QiswlPay\Runtime\Cache\Admin\b956215329b6f9aca22277599a4efdfc.php 第 72 行.
NOTIC: [8] Use of undefined constant id - assumed 'id' F:\QiswlPay\Runtime\Cache\Admin\b956215329b6f9aca22277599a4efdfc.php 第 75 行.
NOTIC: [8] Use of undefined constant id - assumed 'id' F:\QiswlPay\Runtime\Cache\Admin\b956215329b6f9aca22277599a4efdfc.php 第 68 行.
NOTIC: [8] Use of undefined constant id - assumed 'id' F:\QiswlPay\Runtime\Cache\Admin\b956215329b6f9aca22277599a4efdfc.php 第 72 行.
NOTIC: [8] Use of undefined constant id - assumed 'id' F:\QiswlPay\Runtime\Cache\Admin\b956215329b6f9aca22277599a4efdfc.php 第 75 行.
NOTIC: [8] Use of undefined constant id - assumed 'id' F:\QiswlPay\Runtime\Cache\Admin\b956215329b6f9aca22277599a4efdfc.php 第 68 行.
NOTIC: [8] Use of undefined constant id - assumed 'id' F:\QiswlPay\Runtime\Cache\Admin\b956215329b6f9aca22277599a4efdfc.php 第 72 行.
NOTIC: [8] Use of undefined constant id - assumed 'id' F:\QiswlPay\Runtime\Cache\Admin\b956215329b6f9aca22277599a4efdfc.php 第 75 行.
NOTIC: [8] Use of undefined constant id - assumed 'id' F:\QiswlPay\Runtime\Cache\Admin\b956215329b6f9aca22277599a4efdfc.php 第 68 行.
NOTIC: [8] Use of undefined constant id - assumed 'id' F:\QiswlPay\Runtime\Cache\Admin\b956215329b6f9aca22277599a4efdfc.php 第 72 行.
NOTIC: [8] Use of undefined constant id - assumed 'id' F:\QiswlPay\Runtime\Cache\Admin\b956215329b6f9aca22277599a4efdfc.php 第 75 行.
NOTIC: [8] Use of undefined constant id - assumed 'id' F:\QiswlPay\Runtime\Cache\Admin\b956215329b6f9aca22277599a4efdfc.php 第 68 行.
NOTIC: [8] Use of undefined constant id - assumed 'id' F:\QiswlPay\Runtime\Cache\Admin\b956215329b6f9aca22277599a4efdfc.php 第 72 行.
NOTIC: [8] Use of undefined constant id - assumed 'id' F:\QiswlPay\Runtime\Cache\Admin\b956215329b6f9aca22277599a4efdfc.php 第 75 行.
NOTIC: [8] Use of undefined constant id - assumed 'id' F:\QiswlPay\Runtime\Cache\Admin\b956215329b6f9aca22277599a4efdfc.php 第 68 行.
NOTIC: [8] Use of undefined constant id - assumed 'id' F:\QiswlPay\Runtime\Cache\Admin\b956215329b6f9aca22277599a4efdfc.php 第 72 行.
NOTIC: [8] Use of undefined constant id - assumed 'id' F:\QiswlPay\Runtime\Cache\Admin\b956215329b6f9aca22277599a4efdfc.php 第 75 行.
NOTIC: [8] Use of undefined constant id - assumed 'id' F:\QiswlPay\Runtime\Cache\Admin\b956215329b6f9aca22277599a4efdfc.php 第 68 行.
NOTIC: [8] Use of undefined constant id - assumed 'id' F:\QiswlPay\Runtime\Cache\Admin\b956215329b6f9aca22277599a4efdfc.php 第 72 行.
NOTIC: [8] Use of undefined constant id - assumed 'id' F:\QiswlPay\Runtime\Cache\Admin\b956215329b6f9aca22277599a4efdfc.php 第 75 行.
NOTIC: [8] Use of undefined constant id - assumed 'id' F:\QiswlPay\Runtime\Cache\Admin\b956215329b6f9aca22277599a4efdfc.php 第 68 行.
NOTIC: [8] Use of undefined constant id - assumed 'id' F:\QiswlPay\Runtime\Cache\Admin\b956215329b6f9aca22277599a4efdfc.php 第 72 行.
NOTIC: [8] Use of undefined constant id - assumed 'id' F:\QiswlPay\Runtime\Cache\Admin\b956215329b6f9aca22277599a4efdfc.php 第 75 行.
NOTIC: [8] Use of undefined constant id - assumed 'id' F:\QiswlPay\Runtime\Cache\Admin\b956215329b6f9aca22277599a4efdfc.php 第 68 行.
NOTIC: [8] Use of undefined constant id - assumed 'id' F:\QiswlPay\Runtime\Cache\Admin\b956215329b6f9aca22277599a4efdfc.php 第 72 行.
NOTIC: [8] Use of undefined constant id - assumed 'id' F:\QiswlPay\Runtime\Cache\Admin\b956215329b6f9aca22277599a4efdfc.php 第 75 行.
NOTIC: [8] Use of undefined constant id - assumed 'id' F:\QiswlPay\Runtime\Cache\Admin\b956215329b6f9aca22277599a4efdfc.php 第 68 行.
NOTIC: [8] Use of undefined constant id - assumed 'id' F:\QiswlPay\Runtime\Cache\Admin\b956215329b6f9aca22277599a4efdfc.php 第 72 行.
NOTIC: [8] Use of undefined constant id - assumed 'id' F:\QiswlPay\Runtime\Cache\Admin\b956215329b6f9aca22277599a4efdfc.php 第 75 行.
NOTIC: [8] Use of undefined constant id - assumed 'id' F:\QiswlPay\Runtime\Cache\Admin\b956215329b6f9aca22277599a4efdfc.php 第 68 行.
NOTIC: [8] Use of undefined constant id - assumed 'id' F:\QiswlPay\Runtime\Cache\Admin\b956215329b6f9aca22277599a4efdfc.php 第 72 行.
NOTIC: [8] Use of undefined constant id - assumed 'id' F:\QiswlPay\Runtime\Cache\Admin\b956215329b6f9aca22277599a4efdfc.php 第 75 行.
NOTIC: [8] Use of undefined constant id - assumed 'id' F:\QiswlPay\Runtime\Cache\Admin\b956215329b6f9aca22277599a4efdfc.php 第 68 行.
NOTIC: [8] Use of undefined constant id - assumed 'id' F:\QiswlPay\Runtime\Cache\Admin\b956215329b6f9aca22277599a4efdfc.php 第 72 行.
NOTIC: [8] Use of undefined constant id - assumed 'id' F:\QiswlPay\Runtime\Cache\Admin\b956215329b6f9aca22277599a4efdfc.php 第 75 行.
NOTIC: [8] Use of undefined constant id - assumed 'id' F:\QiswlPay\Runtime\Cache\Admin\b956215329b6f9aca22277599a4efdfc.php 第 68 行.
NOTIC: [8] Use of undefined constant id - assumed 'id' F:\QiswlPay\Runtime\Cache\Admin\b956215329b6f9aca22277599a4efdfc.php 第 72 行.
NOTIC: [8] Use of undefined constant id - assumed 'id' F:\QiswlPay\Runtime\Cache\Admin\b956215329b6f9aca22277599a4efdfc.php 第 75 行.
NOTIC: [8] Use of undefined constant id - assumed 'id' F:\QiswlPay\Runtime\Cache\Admin\b956215329b6f9aca22277599a4efdfc.php 第 68 行.
NOTIC: [8] Use of undefined constant id - assumed 'id' F:\QiswlPay\Runtime\Cache\Admin\b956215329b6f9aca22277599a4efdfc.php 第 72 行.
NOTIC: [8] Use of undefined constant id - assumed 'id' F:\QiswlPay\Runtime\Cache\Admin\b956215329b6f9aca22277599a4efdfc.php 第 75 行.
NOTIC: [8] Use of undefined constant id - assumed 'id' F:\QiswlPay\Runtime\Cache\Admin\b956215329b6f9aca22277599a4efdfc.php 第 68 行.
NOTIC: [8] Use of undefined constant id - assumed 'id' F:\QiswlPay\Runtime\Cache\Admin\b956215329b6f9aca22277599a4efdfc.php 第 72 行.
NOTIC: [8] Use of undefined constant id - assumed 'id' F:\QiswlPay\Runtime\Cache\Admin\b956215329b6f9aca22277599a4efdfc.php 第 75 行.
NOTIC: [8] Use of undefined constant id - assumed 'id' F:\QiswlPay\Runtime\Cache\Admin\b956215329b6f9aca22277599a4efdfc.php 第 68 行.
NOTIC: [8] Use of undefined constant id - assumed 'id' F:\QiswlPay\Runtime\Cache\Admin\b956215329b6f9aca22277599a4efdfc.php 第 72 行.
NOTIC: [8] Use of undefined constant id - assumed 'id' F:\QiswlPay\Runtime\Cache\Admin\b956215329b6f9aca22277599a4efdfc.php 第 75 行.
NOTIC: [8] Use of undefined constant id - assumed 'id' F:\QiswlPay\Runtime\Cache\Admin\b956215329b6f9aca22277599a4efdfc.php 第 68 行.
NOTIC: [8] Use of undefined constant id - assumed 'id' F:\QiswlPay\Runtime\Cache\Admin\b956215329b6f9aca22277599a4efdfc.php 第 72 行.
NOTIC: [8] Use of undefined constant id - assumed 'id' F:\QiswlPay\Runtime\Cache\Admin\b956215329b6f9aca22277599a4efdfc.php 第 75 行.
NOTIC: [8] Use of undefined constant id - assumed 'id' F:\QiswlPay\Runtime\Cache\Admin\b956215329b6f9aca22277599a4efdfc.php 第 68 行.
NOTIC: [8] Use of undefined constant id - assumed 'id' F:\QiswlPay\Runtime\Cache\Admin\b956215329b6f9aca22277599a4efdfc.php 第 72 行.
NOTIC: [8] Use of undefined constant id - assumed 'id' F:\QiswlPay\Runtime\Cache\Admin\b956215329b6f9aca22277599a4efdfc.php 第 75 行.
NOTIC: [8] Use of undefined constant id - assumed 'id' F:\QiswlPay\Runtime\Cache\Admin\b956215329b6f9aca22277599a4efdfc.php 第 68 行.
NOTIC: [8] Use of undefined constant id - assumed 'id' F:\QiswlPay\Runtime\Cache\Admin\b956215329b6f9aca22277599a4efdfc.php 第 72 行.
NOTIC: [8] Use of undefined constant id - assumed 'id' F:\QiswlPay\Runtime\Cache\Admin\b956215329b6f9aca22277599a4efdfc.php 第 75 行.
NOTIC: [8] Use of undefined constant id - assumed 'id' F:\QiswlPay\Runtime\Cache\Admin\b956215329b6f9aca22277599a4efdfc.php 第 68 行.
NOTIC: [8] Use of undefined constant id - assumed 'id' F:\QiswlPay\Runtime\Cache\Admin\b956215329b6f9aca22277599a4efdfc.php 第 72 行.
NOTIC: [8] Use of undefined constant id - assumed 'id' F:\QiswlPay\Runtime\Cache\Admin\b956215329b6f9aca22277599a4efdfc.php 第 75 行.
NOTIC: [8] Use of undefined constant id - assumed 'id' F:\QiswlPay\Runtime\Cache\Admin\b956215329b6f9aca22277599a4efdfc.php 第 68 行.
NOTIC: [8] Use of undefined constant id - assumed 'id' F:\QiswlPay\Runtime\Cache\Admin\b956215329b6f9aca22277599a4efdfc.php 第 72 行.
NOTIC: [8] Use of undefined constant id - assumed 'id' F:\QiswlPay\Runtime\Cache\Admin\b956215329b6f9aca22277599a4efdfc.php 第 75 行.
NOTIC: [8] Use of undefined constant id - assumed 'id' F:\QiswlPay\Runtime\Cache\Admin\b956215329b6f9aca22277599a4efdfc.php 第 68 行.
NOTIC: [8] Use of undefined constant id - assumed 'id' F:\QiswlPay\Runtime\Cache\Admin\b956215329b6f9aca22277599a4efdfc.php 第 72 行.
NOTIC: [8] Use of undefined constant id - assumed 'id' F:\QiswlPay\Runtime\Cache\Admin\b956215329b6f9aca22277599a4efdfc.php 第 75 行.
NOTIC: [8] Use of undefined constant id - assumed 'id' F:\QiswlPay\Runtime\Cache\Admin\b956215329b6f9aca22277599a4efdfc.php 第 68 行.
NOTIC: [8] Use of undefined constant id - assumed 'id' F:\QiswlPay\Runtime\Cache\Admin\b956215329b6f9aca22277599a4efdfc.php 第 72 行.
NOTIC: [8] Use of undefined constant id - assumed 'id' F:\QiswlPay\Runtime\Cache\Admin\b956215329b6f9aca22277599a4efdfc.php 第 75 行.
NOTIC: [8] Use of undefined constant id - assumed 'id' F:\QiswlPay\Runtime\Cache\Admin\b956215329b6f9aca22277599a4efdfc.php 第 68 行.
NOTIC: [8] Use of undefined constant id - assumed 'id' F:\QiswlPay\Runtime\Cache\Admin\b956215329b6f9aca22277599a4efdfc.php 第 72 行.
NOTIC: [8] Use of undefined constant id - assumed 'id' F:\QiswlPay\Runtime\Cache\Admin\b956215329b6f9aca22277599a4efdfc.php 第 75 行.
NOTIC: [8] Use of undefined constant id - assumed 'id' F:\QiswlPay\Runtime\Cache\Admin\b956215329b6f9aca22277599a4efdfc.php 第 68 行.
NOTIC: [8] Use of undefined constant id - assumed 'id' F:\QiswlPay\Runtime\Cache\Admin\b956215329b6f9aca22277599a4efdfc.php 第 72 行.
NOTIC: [8] Use of undefined constant id - assumed 'id' F:\QiswlPay\Runtime\Cache\Admin\b956215329b6f9aca22277599a4efdfc.php 第 75 行.
NOTIC: [8] Use of undefined constant id - assumed 'id' F:\QiswlPay\Runtime\Cache\Admin\b956215329b6f9aca22277599a4efdfc.php 第 68 行.
NOTIC: [8] Use of undefined constant id - assumed 'id' F:\QiswlPay\Runtime\Cache\Admin\b956215329b6f9aca22277599a4efdfc.php 第 72 行.
NOTIC: [8] Use of undefined constant id - assumed 'id' F:\QiswlPay\Runtime\Cache\Admin\b956215329b6f9aca22277599a4efdfc.php 第 75 行.
NOTIC: [8] Use of undefined constant id - assumed 'id' F:\QiswlPay\Runtime\Cache\Admin\b956215329b6f9aca22277599a4efdfc.php 第 68 行.
NOTIC: [8] Use of undefined constant id - assumed 'id' F:\QiswlPay\Runtime\Cache\Admin\b956215329b6f9aca22277599a4efdfc.php 第 72 行.
NOTIC: [8] Use of undefined constant id - assumed 'id' F:\QiswlPay\Runtime\Cache\Admin\b956215329b6f9aca22277599a4efdfc.php 第 75 行.
NOTIC: [8] Use of undefined constant id - assumed 'id' F:\QiswlPay\Runtime\Cache\Admin\b956215329b6f9aca22277599a4efdfc.php 第 68 行.
NOTIC: [8] Use of undefined constant id - assumed 'id' F:\QiswlPay\Runtime\Cache\Admin\b956215329b6f9aca22277599a4efdfc.php 第 72 行.
NOTIC: [8] Use of undefined constant id - assumed 'id' F:\QiswlPay\Runtime\Cache\Admin\b956215329b6f9aca22277599a4efdfc.php 第 75 行.
NOTIC: [8] Undefined variable: page F:\QiswlPay\Runtime\Cache\Admin\b956215329b6f9aca22277599a4efdfc.php 第 82 行.
INFO: Run Behavior\ParseTemplateBehavior [ RunTime:0.023001s ]
INFO: [ view_parse ] --END-- [ RunTime:0.023001s ]
INFO: [ view_filter ] --START--
INFO: Run Behavior\WriteHtmlCacheBehavior [ RunTime:0.000000s ]
INFO: Run Behavior\TokenBuildBehavior [ RunTime:0.003000s ]
INFO: [ view_filter ] --END-- [ RunTime:0.003000s ]
INFO: [ app_end ] --START--
INFO: Run Behavior\ShowPageTraceBehavior [ RunTime:0.000000s ]
INFO: [ app_end ] --END-- [ RunTime:0.000000s ]

