[ 2019-06-01T00:20:32+08:00 ] 127.0.0.1 /code_Channel_AgentAccount.html
INFO: [ app_init ] --START--
INFO: Run Behavior\BuildLiteBehavior [ RunTime:0.000000s ]
INFO: [ app_init ] --END-- [ RunTime:0.001000s ]
INFO: [ app_begin ] --START--
INFO: Run Behavior\ReadHtmlCacheBehavior [ RunTime:0.001001s ]
INFO: Run Behavior\CheckLangBehavior [ RunTime:0.002000s ]
INFO: [ app_begin ] --END-- [ RunTime:0.004001s ]
INFO: [ action_begin ] --START--
INFO: Run Behavior\CheckAuthBehavior [ RunTime:0.009001s ]
INFO: [ action_begin ] --END-- [ RunTime:0.009001s ]
NOTIC: [8] Undefined offset: 242 F:\QiswlPay\Application\Code\Controller\ChannelController.class.php 第 121 行.
NOTIC: [8] Undefined offset: 247 F:\QiswlPay\Application\Code\Controller\ChannelController.class.php 第 121 行.
INFO: [ view_parse ] --START--
NOTIC: [2] file_get_contents(./Application/Code/View/Channel/dealrecordlModal.html): failed to open stream: No such file or directory F:\QiswlPay\core\Library\Think\Template.class.php 第 696 行.
INFO: [ template_filter ] --START--
INFO: Run Behavior\ContentReplaceBehavior [ RunTime:0.000000s ]
INFO: [ template_filter ] --END-- [ RunTime:0.000000s ]
INFO: Run Behavior\ParseTemplateBehavior [ RunTime:0.132008s ]
INFO: [ view_parse ] --END-- [ RunTime:0.132008s ]
INFO: [ view_filter ] --START--
INFO: Run Behavior\WriteHtmlCacheBehavior [ RunTime:0.001000s ]
INFO: Run Behavior\TokenBuildBehavior [ RunTime:0.001000s ]
INFO: [ view_filter ] --END-- [ RunTime:0.002000s ]
INFO: [ app_end ] --START--
INFO: Run Behavior\ShowPageTraceBehavior [ RunTime:0.034002s ]
INFO: [ app_end ] --END-- [ RunTime:0.034002s ]

[ 2019-06-01T01:15:33+08:00 ] 127.0.0.1 /code.html
INFO: [ app_init ] --START--
INFO: Run Behavior\BuildLiteBehavior [ RunTime:0.000000s ]
INFO: [ app_init ] --END-- [ RunTime:0.000000s ]
INFO: [ app_begin ] --START--
INFO: Run Behavior\ReadHtmlCacheBehavior [ RunTime:0.001000s ]
INFO: Run Behavior\CheckLangBehavior [ RunTime:0.001000s ]
INFO: [ app_begin ] --END-- [ RunTime:0.002000s ]
INFO: [ action_begin ] --START--
INFO: Run Behavior\CheckAuthBehavior [ RunTime:0.001000s ]
INFO: [ action_begin ] --END-- [ RunTime:0.001000s ]
INFO: [ view_parse ] --START--
INFO: [ template_filter ] --START--
INFO: Run Behavior\ContentReplaceBehavior [ RunTime:0.001000s ]
INFO: [ template_filter ] --END-- [ RunTime:0.001000s ]
NOTIC: [8] Use of undefined constant auto_paofen - assumed 'auto_paofen' F:\QiswlPay\Runtime\Cache\Code\aa223afe6039c481b6df360877cf0930.php 第 381 行.
NOTIC: [8] Use of undefined constant groupid - assumed 'groupid' F:\QiswlPay\Runtime\Cache\Code\aa223afe6039c481b6df360877cf0930.php 第 421 行.
INFO: Run Behavior\ParseTemplateBehavior [ RunTime:0.051002s ]
INFO: [ view_parse ] --END-- [ RunTime:0.051002s ]
INFO: [ view_filter ] --START--
INFO: Run Behavior\WriteHtmlCacheBehavior [ RunTime:0.001001s ]
INFO: Run Behavior\TokenBuildBehavior [ RunTime:0.004000s ]
INFO: [ view_filter ] --END-- [ RunTime:0.005001s ]
INFO: [ app_end ] --START--
INFO: Run Behavior\ShowPageTraceBehavior [ RunTime:0.002000s ]
INFO: [ app_end ] --END-- [ RunTime:0.002000s ]

[ 2019-06-01T01:15:34+08:00 ] 127.0.0.1 /code_Index_main.html
INFO: [ app_init ] --START--
INFO: Run Behavior\BuildLiteBehavior [ RunTime:0.000000s ]
INFO: [ app_init ] --END-- [ RunTime:0.000000s ]
INFO: [ app_begin ] --START--
INFO: Run Behavior\ReadHtmlCacheBehavior [ RunTime:0.003000s ]
INFO: Run Behavior\CheckLangBehavior [ RunTime:0.001000s ]
INFO: [ app_begin ] --END-- [ RunTime:0.004000s ]
INFO: [ action_begin ] --START--
INFO: Run Behavior\CheckAuthBehavior [ RunTime:0.001000s ]
INFO: [ action_begin ] --END-- [ RunTime:0.001000s ]
NOTIC: [8] Undefined variable: category F:\QiswlPay\Application\Code\Controller\IndexController.class.php 第 64 行.
NOTIC: [2] implode(): Invalid arguments passed F:\QiswlPay\Application\Code\Controller\IndexController.class.php 第 64 行.
NOTIC: [8] Undefined variable: dataone F:\QiswlPay\Application\Code\Controller\IndexController.class.php 第 65 行.
NOTIC: [2] implode(): Invalid arguments passed F:\QiswlPay\Application\Code\Controller\IndexController.class.php 第 65 行.
NOTIC: [8] Undefined variable: datatwo F:\QiswlPay\Application\Code\Controller\IndexController.class.php 第 66 行.
NOTIC: [2] implode(): Invalid arguments passed F:\QiswlPay\Application\Code\Controller\IndexController.class.php 第 66 行.
NOTIC: [8] Undefined variable: ipItem F:\QiswlPay\Application\Code\Controller\IndexController.class.php 第 107 行.
INFO: [ view_parse ] --START--
INFO: [ template_filter ] --START--
INFO: Run Behavior\ContentReplaceBehavior [ RunTime:0.000000s ]
INFO: [ template_filter ] --END-- [ RunTime:0.000000s ]
NOTIC: [2] Illegal string offset 'loginip' F:\QiswlPay\Runtime\Cache\Code\5b329a2f5760c89146b3547bff35bd64.php 第 31 行.
NOTIC: [8] Uninitialized string offset: 0 F:\QiswlPay\Runtime\Cache\Code\5b329a2f5760c89146b3547bff35bd64.php 第 31 行.
NOTIC: [2] Illegal string offset 'loginaddress' F:\QiswlPay\Runtime\Cache\Code\5b329a2f5760c89146b3547bff35bd64.php 第 31 行.
NOTIC: [8] Uninitialized string offset: 0 F:\QiswlPay\Runtime\Cache\Code\5b329a2f5760c89146b3547bff35bd64.php 第 31 行.
NOTIC: [2] Illegal string offset 'logindatetime' F:\QiswlPay\Runtime\Cache\Code\5b329a2f5760c89146b3547bff35bd64.php 第 31 行.
NOTIC: [8] Uninitialized string offset: 0 F:\QiswlPay\Runtime\Cache\Code\5b329a2f5760c89146b3547bff35bd64.php 第 31 行.
INFO: Run Behavior\ParseTemplateBehavior [ RunTime:0.074005s ]
INFO: [ view_parse ] --END-- [ RunTime:0.074005s ]
INFO: [ view_filter ] --START--
INFO: Run Behavior\WriteHtmlCacheBehavior [ RunTime:0.000000s ]
INFO: Run Behavior\TokenBuildBehavior [ RunTime:0.001000s ]
INFO: [ view_filter ] --END-- [ RunTime:0.001000s ]
INFO: [ app_end ] --START--
INFO: Run Behavior\ShowPageTraceBehavior [ RunTime:0.001000s ]
INFO: [ app_end ] --END-- [ RunTime:0.001000s ]

[ 2019-06-01T01:15:38+08:00 ] 127.0.0.1 /code_Channel_AgentAccount.html
INFO: [ app_init ] --START--
INFO: Run Behavior\BuildLiteBehavior [ RunTime:0.000000s ]
INFO: [ app_init ] --END-- [ RunTime:0.001000s ]
INFO: [ app_begin ] --START--
INFO: Run Behavior\ReadHtmlCacheBehavior [ RunTime:0.001000s ]
INFO: Run Behavior\CheckLangBehavior [ RunTime:0.005000s ]
INFO: [ app_begin ] --END-- [ RunTime:0.007000s ]
INFO: [ action_begin ] --START--
INFO: Run Behavior\CheckAuthBehavior [ RunTime:0.009000s ]
INFO: [ action_begin ] --END-- [ RunTime:0.009000s ]
NOTIC: [8] Undefined offset: 242 F:\QiswlPay\Application\Code\Controller\ChannelController.class.php 第 121 行.
NOTIC: [8] Undefined offset: 247 F:\QiswlPay\Application\Code\Controller\ChannelController.class.php 第 121 行.
INFO: [ view_parse ] --START--
NOTIC: [2] file_get_contents(./Application/Code/View/Channel/dealrecordlModal.html): failed to open stream: No such file or directory F:\QiswlPay\core\Library\Think\Template.class.php 第 696 行.
INFO: [ template_filter ] --START--
INFO: Run Behavior\ContentReplaceBehavior [ RunTime:0.000000s ]
INFO: [ template_filter ] --END-- [ RunTime:0.000000s ]
INFO: Run Behavior\ParseTemplateBehavior [ RunTime:0.093005s ]
INFO: [ view_parse ] --END-- [ RunTime:0.093005s ]
INFO: [ view_filter ] --START--
INFO: Run Behavior\WriteHtmlCacheBehavior [ RunTime:0.001000s ]
INFO: Run Behavior\TokenBuildBehavior [ RunTime:0.001000s ]
INFO: [ view_filter ] --END-- [ RunTime:0.002000s ]
INFO: [ app_end ] --START--
INFO: Run Behavior\ShowPageTraceBehavior [ RunTime:0.001000s ]
INFO: [ app_end ] --END-- [ RunTime:0.001000s ]

[ 2019-06-01T01:15:41+08:00 ] 127.0.0.1 /code_Channel_channelAccount_id_242.html
INFO: [ app_init ] --START--
INFO: Run Behavior\BuildLiteBehavior [ RunTime:0.000000s ]
INFO: [ app_init ] --END-- [ RunTime:0.000000s ]
INFO: [ app_begin ] --START--
INFO: Run Behavior\ReadHtmlCacheBehavior [ RunTime:0.001000s ]
INFO: Run Behavior\CheckLangBehavior [ RunTime:0.001000s ]
INFO: [ app_begin ] --END-- [ RunTime:0.002000s ]
INFO: [ action_begin ] --START--
INFO: Run Behavior\CheckAuthBehavior [ RunTime:0.001000s ]
INFO: [ action_begin ] --END-- [ RunTime:0.001000s ]
INFO: [ view_parse ] --START--
INFO: [ template_filter ] --START--
INFO: Run Behavior\ContentReplaceBehavior [ RunTime:0.000000s ]
INFO: [ template_filter ] --END-- [ RunTime:0.000000s ]
NOTIC: [8] Use of undefined constant account_type - assumed 'account_type' F:\QiswlPay\Runtime\Cache\Code\022b7f60405a6ad99644c242e8303e23.php 第 59 行.
NOTIC: [8] Use of undefined constant id - assumed 'id' F:\QiswlPay\Runtime\Cache\Code\022b7f60405a6ad99644c242e8303e23.php 第 69 行.
NOTIC: [8] Use of undefined constant id - assumed 'id' F:\QiswlPay\Runtime\Cache\Code\022b7f60405a6ad99644c242e8303e23.php 第 70 行.
NOTIC: [8] Use of undefined constant id - assumed 'id' F:\QiswlPay\Runtime\Cache\Code\022b7f60405a6ad99644c242e8303e23.php 第 71 行.
NOTIC: [8] Use of undefined constant id - assumed 'id' F:\QiswlPay\Runtime\Cache\Code\022b7f60405a6ad99644c242e8303e23.php 第 72 行.
NOTIC: [8] Use of undefined constant id - assumed 'id' F:\QiswlPay\Runtime\Cache\Code\022b7f60405a6ad99644c242e8303e23.php 第 73 行.
NOTIC: [8] Use of undefined constant id - assumed 'id' F:\QiswlPay\Runtime\Cache\Code\022b7f60405a6ad99644c242e8303e23.php 第 73 行.
NOTIC: [8] Use of undefined constant id - assumed 'id' F:\QiswlPay\Runtime\Cache\Code\022b7f60405a6ad99644c242e8303e23.php 第 74 行.
NOTIC: [8] Use of undefined constant account_type - assumed 'account_type' F:\QiswlPay\Runtime\Cache\Code\022b7f60405a6ad99644c242e8303e23.php 第 59 行.
NOTIC: [8] Use of undefined constant id - assumed 'id' F:\QiswlPay\Runtime\Cache\Code\022b7f60405a6ad99644c242e8303e23.php 第 69 行.
NOTIC: [8] Use of undefined constant id - assumed 'id' F:\QiswlPay\Runtime\Cache\Code\022b7f60405a6ad99644c242e8303e23.php 第 70 行.
NOTIC: [8] Use of undefined constant id - assumed 'id' F:\QiswlPay\Runtime\Cache\Code\022b7f60405a6ad99644c242e8303e23.php 第 71 行.
NOTIC: [8] Use of undefined constant id - assumed 'id' F:\QiswlPay\Runtime\Cache\Code\022b7f60405a6ad99644c242e8303e23.php 第 72 行.
NOTIC: [8] Use of undefined constant id - assumed 'id' F:\QiswlPay\Runtime\Cache\Code\022b7f60405a6ad99644c242e8303e23.php 第 73 行.
NOTIC: [8] Use of undefined constant id - assumed 'id' F:\QiswlPay\Runtime\Cache\Code\022b7f60405a6ad99644c242e8303e23.php 第 73 行.
NOTIC: [8] Use of undefined constant id - assumed 'id' F:\QiswlPay\Runtime\Cache\Code\022b7f60405a6ad99644c242e8303e23.php 第 74 行.
NOTIC: [8] Undefined variable: page F:\QiswlPay\Runtime\Cache\Code\022b7f60405a6ad99644c242e8303e23.php 第 81 行.
INFO: Run Behavior\ParseTemplateBehavior [ RunTime:0.049003s ]
INFO: [ view_parse ] --END-- [ RunTime:0.049003s ]
INFO: [ view_filter ] --START--
INFO: Run Behavior\WriteHtmlCacheBehavior [ RunTime:0.000000s ]
INFO: Run Behavior\TokenBuildBehavior [ RunTime:0.001000s ]
INFO: [ view_filter ] --END-- [ RunTime:0.001000s ]
INFO: [ app_end ] --START--
INFO: Run Behavior\ShowPageTraceBehavior [ RunTime:0.000000s ]
INFO: [ app_end ] --END-- [ RunTime:0.000000s ]

[ 2019-06-01T01:16:04+08:00 ] 127.0.0.1 /code_Channel_channelAccount_id_242.html
INFO: [ app_init ] --START--
INFO: Run Behavior\BuildLiteBehavior [ RunTime:0.000000s ]
INFO: [ app_init ] --END-- [ RunTime:0.001001s ]
INFO: [ app_begin ] --START--
INFO: Run Behavior\ReadHtmlCacheBehavior [ RunTime:0.001000s ]
INFO: Run Behavior\CheckLangBehavior [ RunTime:0.001000s ]
INFO: [ app_begin ] --END-- [ RunTime:0.002000s ]
INFO: [ action_begin ] --START--
INFO: Run Behavior\CheckAuthBehavior [ RunTime:0.001000s ]
INFO: [ action_begin ] --END-- [ RunTime:0.001000s ]
INFO: [ view_parse ] --START--
INFO: [ template_filter ] --START--
INFO: Run Behavior\ContentReplaceBehavior [ RunTime:0.000000s ]
INFO: [ template_filter ] --END-- [ RunTime:0.000000s ]
NOTIC: [8] Use of undefined constant account_type - assumed 'account_type' F:\QiswlPay\Runtime\Cache\Code\022b7f60405a6ad99644c242e8303e23.php 第 59 行.
NOTIC: [8] Use of undefined constant id - assumed 'id' F:\QiswlPay\Runtime\Cache\Code\022b7f60405a6ad99644c242e8303e23.php 第 69 行.
NOTIC: [8] Use of undefined constant id - assumed 'id' F:\QiswlPay\Runtime\Cache\Code\022b7f60405a6ad99644c242e8303e23.php 第 70 行.
NOTIC: [8] Use of undefined constant id - assumed 'id' F:\QiswlPay\Runtime\Cache\Code\022b7f60405a6ad99644c242e8303e23.php 第 71 行.
NOTIC: [8] Use of undefined constant id - assumed 'id' F:\QiswlPay\Runtime\Cache\Code\022b7f60405a6ad99644c242e8303e23.php 第 72 行.
NOTIC: [8] Use of undefined constant id - assumed 'id' F:\QiswlPay\Runtime\Cache\Code\022b7f60405a6ad99644c242e8303e23.php 第 73 行.
NOTIC: [8] Use of undefined constant id - assumed 'id' F:\QiswlPay\Runtime\Cache\Code\022b7f60405a6ad99644c242e8303e23.php 第 73 行.
NOTIC: [8] Use of undefined constant id - assumed 'id' F:\QiswlPay\Runtime\Cache\Code\022b7f60405a6ad99644c242e8303e23.php 第 74 行.
NOTIC: [8] Use of undefined constant account_type - assumed 'account_type' F:\QiswlPay\Runtime\Cache\Code\022b7f60405a6ad99644c242e8303e23.php 第 59 行.
NOTIC: [8] Use of undefined constant id - assumed 'id' F:\QiswlPay\Runtime\Cache\Code\022b7f60405a6ad99644c242e8303e23.php 第 69 行.
NOTIC: [8] Use of undefined constant id - assumed 'id' F:\QiswlPay\Runtime\Cache\Code\022b7f60405a6ad99644c242e8303e23.php 第 70 行.
NOTIC: [8] Use of undefined constant id - assumed 'id' F:\QiswlPay\Runtime\Cache\Code\022b7f60405a6ad99644c242e8303e23.php 第 71 行.
NOTIC: [8] Use of undefined constant id - assumed 'id' F:\QiswlPay\Runtime\Cache\Code\022b7f60405a6ad99644c242e8303e23.php 第 72 行.
NOTIC: [8] Use of undefined constant id - assumed 'id' F:\QiswlPay\Runtime\Cache\Code\022b7f60405a6ad99644c242e8303e23.php 第 73 行.
NOTIC: [8] Use of undefined constant id - assumed 'id' F:\QiswlPay\Runtime\Cache\Code\022b7f60405a6ad99644c242e8303e23.php 第 73 行.
NOTIC: [8] Use of undefined constant id - assumed 'id' F:\QiswlPay\Runtime\Cache\Code\022b7f60405a6ad99644c242e8303e23.php 第 74 行.
NOTIC: [8] Undefined variable: page F:\QiswlPay\Runtime\Cache\Code\022b7f60405a6ad99644c242e8303e23.php 第 81 行.
INFO: Run Behavior\ParseTemplateBehavior [ RunTime:0.014001s ]
INFO: [ view_parse ] --END-- [ RunTime:0.015001s ]
INFO: [ view_filter ] --START--
INFO: Run Behavior\WriteHtmlCacheBehavior [ RunTime:0.000000s ]
INFO: Run Behavior\TokenBuildBehavior [ RunTime:0.001000s ]
INFO: [ view_filter ] --END-- [ RunTime:0.001000s ]
INFO: [ app_end ] --START--
INFO: Run Behavior\ShowPageTraceBehavior [ RunTime:0.001000s ]
INFO: [ app_end ] --END-- [ RunTime:0.001000s ]

[ 2019-06-01T01:17:16+08:00 ] 127.0.0.1 /code_Order_qdindex.html
INFO: [ app_init ] --START--
INFO: Run Behavior\BuildLiteBehavior [ RunTime:0.000000s ]
INFO: [ app_init ] --END-- [ RunTime:0.000000s ]
INFO: [ app_begin ] --START--
INFO: Run Behavior\ReadHtmlCacheBehavior [ RunTime:0.000000s ]
INFO: Run Behavior\CheckLangBehavior [ RunTime:0.001000s ]
INFO: [ app_begin ] --END-- [ RunTime:0.001000s ]
NOTIC: [2048] Declaration of Code\Controller\OrderController::show() should be compatible with Think\Controller::show($content, $charset = '', $contentType = '', $prefix = '') F:\QiswlPay\Application\Code\Controller\OrderController.class.php 第 18 行.
INFO: [ action_begin ] --START--
INFO: Run Behavior\CheckAuthBehavior [ RunTime:0.000000s ]
INFO: [ action_begin ] --END-- [ RunTime:0.000000s ]
INFO: [ view_parse ] --START--
INFO: [ template_filter ] --START--
INFO: Run Behavior\ContentReplaceBehavior [ RunTime:0.000000s ]
INFO: [ template_filter ] --END-- [ RunTime:0.000000s ]
NOTIC: [8] Undefined variable: rows F:\QiswlPay\Runtime\Cache\Code\7feff9d1c5c5ffd4bc835ef9c28fde72.php 第 41 行.
NOTIC: [8] Use of undefined constant pay_orderid - assumed 'pay_orderid' F:\QiswlPay\Runtime\Cache\Code\7feff9d1c5c5ffd4bc835ef9c28fde72.php 第 67 行.
NOTIC: [8] Undefined index: del F:\QiswlPay\Runtime\Cache\Code\7feff9d1c5c5ffd4bc835ef9c28fde72.php 第 68 行.
NOTIC: [8] Use of undefined constant out_trade_id - assumed 'out_trade_id' F:\QiswlPay\Runtime\Cache\Code\7feff9d1c5c5ffd4bc835ef9c28fde72.php 第 70 行.
NOTIC: [8] Use of undefined constant out_trade_id - assumed 'out_trade_id' F:\QiswlPay\Runtime\Cache\Code\7feff9d1c5c5ffd4bc835ef9c28fde72.php 第 70 行.
NOTIC: [8] Undefined index: del F:\QiswlPay\Runtime\Cache\Code\7feff9d1c5c5ffd4bc835ef9c28fde72.php 第 71 行.
NOTIC: [8] Use of undefined constant pay_orderid - assumed 'pay_orderid' F:\QiswlPay\Runtime\Cache\Code\7feff9d1c5c5ffd4bc835ef9c28fde72.php 第 67 行.
NOTIC: [8] Undefined index: del F:\QiswlPay\Runtime\Cache\Code\7feff9d1c5c5ffd4bc835ef9c28fde72.php 第 68 行.
NOTIC: [8] Use of undefined constant out_trade_id - assumed 'out_trade_id' F:\QiswlPay\Runtime\Cache\Code\7feff9d1c5c5ffd4bc835ef9c28fde72.php 第 70 行.
NOTIC: [8] Use of undefined constant out_trade_id - assumed 'out_trade_id' F:\QiswlPay\Runtime\Cache\Code\7feff9d1c5c5ffd4bc835ef9c28fde72.php 第 70 行.
NOTIC: [8] Undefined index: del F:\QiswlPay\Runtime\Cache\Code\7feff9d1c5c5ffd4bc835ef9c28fde72.php 第 71 行.
NOTIC: [8] Undefined variable: page F:\QiswlPay\Runtime\Cache\Code\7feff9d1c5c5ffd4bc835ef9c28fde72.php 第 95 行.
NOTIC: [8] Undefined variable: rows F:\QiswlPay\Runtime\Cache\Code\7feff9d1c5c5ffd4bc835ef9c28fde72.php 第 98 行.
NOTIC: [8] Undefined variable: rows F:\QiswlPay\Runtime\Cache\Code\7feff9d1c5c5ffd4bc835ef9c28fde72.php 第 99 行.
NOTIC: [8] Undefined variable: rows F:\QiswlPay\Runtime\Cache\Code\7feff9d1c5c5ffd4bc835ef9c28fde72.php 第 100 行.
NOTIC: [8] Undefined variable: rows F:\QiswlPay\Runtime\Cache\Code\7feff9d1c5c5ffd4bc835ef9c28fde72.php 第 101 行.
NOTIC: [8] Undefined variable: rows F:\QiswlPay\Runtime\Cache\Code\7feff9d1c5c5ffd4bc835ef9c28fde72.php 第 102 行.
NOTIC: [8] Use of undefined constant memberid - assumed 'memberid' F:\QiswlPay\Runtime\Cache\Code\7feff9d1c5c5ffd4bc835ef9c28fde72.php 第 159 行.
NOTIC: [8] Undefined index: memberid F:\QiswlPay\Runtime\Cache\Code\7feff9d1c5c5ffd4bc835ef9c28fde72.php 第 159 行.
NOTIC: [8] Use of undefined constant orderid - assumed 'orderid' F:\QiswlPay\Runtime\Cache\Code\7feff9d1c5c5ffd4bc835ef9c28fde72.php 第 159 行.
NOTIC: [8] Undefined index: orderid F:\QiswlPay\Runtime\Cache\Code\7feff9d1c5c5ffd4bc835ef9c28fde72.php 第 159 行.
NOTIC: [8] Use of undefined constant pay_orderid - assumed 'pay_orderid' F:\QiswlPay\Runtime\Cache\Code\7feff9d1c5c5ffd4bc835ef9c28fde72.php 第 159 行.
NOTIC: [8] Undefined index: pay_orderid F:\QiswlPay\Runtime\Cache\Code\7feff9d1c5c5ffd4bc835ef9c28fde72.php 第 159 行.
NOTIC: [8] Use of undefined constant createtime - assumed 'createtime' F:\QiswlPay\Runtime\Cache\Code\7feff9d1c5c5ffd4bc835ef9c28fde72.php 第 159 行.
NOTIC: [8] Undefined index: createtime F:\QiswlPay\Runtime\Cache\Code\7feff9d1c5c5ffd4bc835ef9c28fde72.php 第 159 行.
NOTIC: [8] Use of undefined constant successtime - assumed 'successtime' F:\QiswlPay\Runtime\Cache\Code\7feff9d1c5c5ffd4bc835ef9c28fde72.php 第 159 行.
NOTIC: [8] Undefined index: successtime F:\QiswlPay\Runtime\Cache\Code\7feff9d1c5c5ffd4bc835ef9c28fde72.php 第 159 行.
NOTIC: [8] Use of undefined constant tongdao - assumed 'tongdao' F:\QiswlPay\Runtime\Cache\Code\7feff9d1c5c5ffd4bc835ef9c28fde72.php 第 159 行.
NOTIC: [8] Undefined index: tongdao F:\QiswlPay\Runtime\Cache\Code\7feff9d1c5c5ffd4bc835ef9c28fde72.php 第 159 行.
NOTIC: [8] Use of undefined constant bank - assumed 'bank' F:\QiswlPay\Runtime\Cache\Code\7feff9d1c5c5ffd4bc835ef9c28fde72.php 第 159 行.
NOTIC: [8] Undefined index: bank F:\QiswlPay\Runtime\Cache\Code\7feff9d1c5c5ffd4bc835ef9c28fde72.php 第 159 行.
NOTIC: [8] Use of undefined constant status - assumed 'status' F:\QiswlPay\Runtime\Cache\Code\7feff9d1c5c5ffd4bc835ef9c28fde72.php 第 159 行.
NOTIC: [8] Undefined index: status F:\QiswlPay\Runtime\Cache\Code\7feff9d1c5c5ffd4bc835ef9c28fde72.php 第 159 行.
NOTIC: [8] Use of undefined constant ddlx - assumed 'ddlx' F:\QiswlPay\Runtime\Cache\Code\7feff9d1c5c5ffd4bc835ef9c28fde72.php 第 159 行.
NOTIC: [8] Undefined index: ddlx F:\QiswlPay\Runtime\Cache\Code\7feff9d1c5c5ffd4bc835ef9c28fde72.php 第 159 行.
NOTIC: [8] Undefined variable: mdata F:\QiswlPay\Runtime\Cache\Code\7feff9d1c5c5ffd4bc835ef9c28fde72.php 第 211 行.
NOTIC: [2] implode(): Invalid arguments passed F:\QiswlPay\Runtime\Cache\Code\7feff9d1c5c5ffd4bc835ef9c28fde72.php 第 211 行.
NOTIC: [8] Undefined variable: mdata F:\QiswlPay\Runtime\Cache\Code\7feff9d1c5c5ffd4bc835ef9c28fde72.php 第 225 行.
NOTIC: [2] implode(): Invalid arguments passed F:\QiswlPay\Runtime\Cache\Code\7feff9d1c5c5ffd4bc835ef9c28fde72.php 第 225 行.
NOTIC: [8] Undefined variable: mdata F:\QiswlPay\Runtime\Cache\Code\7feff9d1c5c5ffd4bc835ef9c28fde72.php 第 232 行.
NOTIC: [2] implode(): Invalid arguments passed F:\QiswlPay\Runtime\Cache\Code\7feff9d1c5c5ffd4bc835ef9c28fde72.php 第 232 行.
NOTIC: [8] Undefined variable: mdata F:\QiswlPay\Runtime\Cache\Code\7feff9d1c5c5ffd4bc835ef9c28fde72.php 第 239 行.
NOTIC: [2] implode(): Invalid arguments passed F:\QiswlPay\Runtime\Cache\Code\7feff9d1c5c5ffd4bc835ef9c28fde72.php 第 239 行.
INFO: Run Behavior\ParseTemplateBehavior [ RunTime:0.046003s ]
INFO: [ view_parse ] --END-- [ RunTime:0.046003s ]
INFO: [ view_filter ] --START--
INFO: Run Behavior\WriteHtmlCacheBehavior [ RunTime:0.000000s ]
INFO: Run Behavior\TokenBuildBehavior [ RunTime:0.001000s ]
INFO: [ view_filter ] --END-- [ RunTime:0.001000s ]
INFO: [ app_end ] --START--
INFO: Run Behavior\ShowPageTraceBehavior [ RunTime:0.001000s ]
INFO: [ app_end ] --END-- [ RunTime:0.001000s ]

[ 2019-06-01T01:17:59+08:00 ] 127.0.0.1 /code_Order_qdhistory.html
INFO: [ app_init ] --START--
INFO: Run Behavior\BuildLiteBehavior [ RunTime:0.000000s ]
INFO: [ app_init ] --END-- [ RunTime:0.000000s ]
INFO: [ app_begin ] --START--
INFO: Run Behavior\ReadHtmlCacheBehavior [ RunTime:0.001000s ]
INFO: Run Behavior\CheckLangBehavior [ RunTime:0.000000s ]
INFO: [ app_begin ] --END-- [ RunTime:0.001000s ]
NOTIC: [2048] Declaration of Code\Controller\OrderController::show() should be compatible with Think\Controller::show($content, $charset = '', $contentType = '', $prefix = '') F:\QiswlPay\Application\Code\Controller\OrderController.class.php 第 18 行.
INFO: [ action_begin ] --START--
INFO: Run Behavior\CheckAuthBehavior [ RunTime:0.000000s ]
INFO: [ action_begin ] --END-- [ RunTime:0.000000s ]
INFO: [ view_parse ] --START--
INFO: [ template_filter ] --START--
INFO: Run Behavior\ContentReplaceBehavior [ RunTime:0.001000s ]
INFO: [ template_filter ] --END-- [ RunTime:0.001000s ]
NOTIC: [8] Undefined variable: rows F:\QiswlPay\Runtime\Cache\Code\362e156efe22cc6cff4ca54582c887c0.php 第 41 行.
NOTIC: [8] Use of undefined constant pay_orderid - assumed 'pay_orderid' F:\QiswlPay\Runtime\Cache\Code\362e156efe22cc6cff4ca54582c887c0.php 第 70 行.
NOTIC: [8] Undefined index: del F:\QiswlPay\Runtime\Cache\Code\362e156efe22cc6cff4ca54582c887c0.php 第 71 行.
NOTIC: [8] Use of undefined constant out_trade_id - assumed 'out_trade_id' F:\QiswlPay\Runtime\Cache\Code\362e156efe22cc6cff4ca54582c887c0.php 第 73 行.
NOTIC: [8] Use of undefined constant out_trade_id - assumed 'out_trade_id' F:\QiswlPay\Runtime\Cache\Code\362e156efe22cc6cff4ca54582c887c0.php 第 73 行.
NOTIC: [8] Undefined index: del F:\QiswlPay\Runtime\Cache\Code\362e156efe22cc6cff4ca54582c887c0.php 第 74 行.
NOTIC: [8] Use of undefined constant id - assumed 'id' F:\QiswlPay\Runtime\Cache\Code\362e156efe22cc6cff4ca54582c887c0.php 第 84 行.
NOTIC: [8] Undefined variable: page F:\QiswlPay\Runtime\Cache\Code\362e156efe22cc6cff4ca54582c887c0.php 第 95 行.
NOTIC: [8] Undefined variable: rows F:\QiswlPay\Runtime\Cache\Code\362e156efe22cc6cff4ca54582c887c0.php 第 98 行.
NOTIC: [8] Undefined variable: rows F:\QiswlPay\Runtime\Cache\Code\362e156efe22cc6cff4ca54582c887c0.php 第 99 行.
NOTIC: [8] Undefined variable: rows F:\QiswlPay\Runtime\Cache\Code\362e156efe22cc6cff4ca54582c887c0.php 第 100 行.
NOTIC: [8] Undefined variable: rows F:\QiswlPay\Runtime\Cache\Code\362e156efe22cc6cff4ca54582c887c0.php 第 101 行.
NOTIC: [8] Undefined variable: rows F:\QiswlPay\Runtime\Cache\Code\362e156efe22cc6cff4ca54582c887c0.php 第 102 行.
NOTIC: [8] Use of undefined constant memberid - assumed 'memberid' F:\QiswlPay\Runtime\Cache\Code\362e156efe22cc6cff4ca54582c887c0.php 第 159 行.
NOTIC: [8] Undefined index: memberid F:\QiswlPay\Runtime\Cache\Code\362e156efe22cc6cff4ca54582c887c0.php 第 159 行.
NOTIC: [8] Use of undefined constant orderid - assumed 'orderid' F:\QiswlPay\Runtime\Cache\Code\362e156efe22cc6cff4ca54582c887c0.php 第 159 行.
NOTIC: [8] Undefined index: orderid F:\QiswlPay\Runtime\Cache\Code\362e156efe22cc6cff4ca54582c887c0.php 第 159 行.
NOTIC: [8] Use of undefined constant pay_orderid - assumed 'pay_orderid' F:\QiswlPay\Runtime\Cache\Code\362e156efe22cc6cff4ca54582c887c0.php 第 159 行.
NOTIC: [8] Undefined index: pay_orderid F:\QiswlPay\Runtime\Cache\Code\362e156efe22cc6cff4ca54582c887c0.php 第 159 行.
NOTIC: [8] Use of undefined constant createtime - assumed 'createtime' F:\QiswlPay\Runtime\Cache\Code\362e156efe22cc6cff4ca54582c887c0.php 第 159 行.
NOTIC: [8] Undefined index: createtime F:\QiswlPay\Runtime\Cache\Code\362e156efe22cc6cff4ca54582c887c0.php 第 159 行.
NOTIC: [8] Use of undefined constant successtime - assumed 'successtime' F:\QiswlPay\Runtime\Cache\Code\362e156efe22cc6cff4ca54582c887c0.php 第 159 行.
NOTIC: [8] Undefined index: successtime F:\QiswlPay\Runtime\Cache\Code\362e156efe22cc6cff4ca54582c887c0.php 第 159 行.
NOTIC: [8] Use of undefined constant tongdao - assumed 'tongdao' F:\QiswlPay\Runtime\Cache\Code\362e156efe22cc6cff4ca54582c887c0.php 第 159 行.
NOTIC: [8] Undefined index: tongdao F:\QiswlPay\Runtime\Cache\Code\362e156efe22cc6cff4ca54582c887c0.php 第 159 行.
NOTIC: [8] Use of undefined constant bank - assumed 'bank' F:\QiswlPay\Runtime\Cache\Code\362e156efe22cc6cff4ca54582c887c0.php 第 159 行.
NOTIC: [8] Undefined index: bank F:\QiswlPay\Runtime\Cache\Code\362e156efe22cc6cff4ca54582c887c0.php 第 159 行.
NOTIC: [8] Use of undefined constant status - assumed 'status' F:\QiswlPay\Runtime\Cache\Code\362e156efe22cc6cff4ca54582c887c0.php 第 159 行.
NOTIC: [8] Undefined index: status F:\QiswlPay\Runtime\Cache\Code\362e156efe22cc6cff4ca54582c887c0.php 第 159 行.
NOTIC: [8] Use of undefined constant ddlx - assumed 'ddlx' F:\QiswlPay\Runtime\Cache\Code\362e156efe22cc6cff4ca54582c887c0.php 第 159 行.
NOTIC: [8] Undefined index: ddlx F:\QiswlPay\Runtime\Cache\Code\362e156efe22cc6cff4ca54582c887c0.php 第 159 行.
NOTIC: [8] Undefined variable: mdata F:\QiswlPay\Runtime\Cache\Code\362e156efe22cc6cff4ca54582c887c0.php 第 211 行.
NOTIC: [2] implode(): Invalid arguments passed F:\QiswlPay\Runtime\Cache\Code\362e156efe22cc6cff4ca54582c887c0.php 第 211 行.
NOTIC: [8] Undefined variable: mdata F:\QiswlPay\Runtime\Cache\Code\362e156efe22cc6cff4ca54582c887c0.php 第 225 行.
NOTIC: [2] implode(): Invalid arguments passed F:\QiswlPay\Runtime\Cache\Code\362e156efe22cc6cff4ca54582c887c0.php 第 225 行.
NOTIC: [8] Undefined variable: mdata F:\QiswlPay\Runtime\Cache\Code\362e156efe22cc6cff4ca54582c887c0.php 第 232 行.
NOTIC: [2] implode(): Invalid arguments passed F:\QiswlPay\Runtime\Cache\Code\362e156efe22cc6cff4ca54582c887c0.php 第 232 行.
NOTIC: [8] Undefined variable: mdata F:\QiswlPay\Runtime\Cache\Code\362e156efe22cc6cff4ca54582c887c0.php 第 239 行.
NOTIC: [2] implode(): Invalid arguments passed F:\QiswlPay\Runtime\Cache\Code\362e156efe22cc6cff4ca54582c887c0.php 第 239 行.
INFO: Run Behavior\ParseTemplateBehavior [ RunTime:0.140008s ]
INFO: [ view_parse ] --END-- [ RunTime:0.140008s ]
INFO: [ view_filter ] --START--
INFO: Run Behavior\WriteHtmlCacheBehavior [ RunTime:0.001000s ]
INFO: Run Behavior\TokenBuildBehavior [ RunTime:0.001000s ]
INFO: [ view_filter ] --END-- [ RunTime:0.002000s ]
INFO: [ app_end ] --START--
INFO: Run Behavior\ShowPageTraceBehavior [ RunTime:0.001000s ]
INFO: [ app_end ] --END-- [ RunTime:0.001000s ]

